Running calibration scripts for UTD Node: 9
Running on host: compute-1-3-9

                            < M A T L A B (R) >
                  Copyright 1984-2020 The MathWorks, Inc.
              R2020a Update 1 (9.8.0.1359463) 64-bit (glnxa64)
                               April 9, 2020

 
To get started, type doc.
For product information, visit www.mathworks.com.
 
    "---------------------MINTS---------------------"





    "Node Index               =  9"

    "Node ID                  =  001e06305a6b"

    "Data Folder Located      @ :/scratch/lhw150030/mintsData"

    "Raw Data Located         @ :/scratch/lhw150030/mintsData/raw"

    "Raw DotMat Data Located  @ :/scratch/lhw150030/mintsData/rawMats"

    "Update Data Located      @ :/scratch/lhw150030/mintsData/liveUpdate/UTDNodes"

    "Loading Best Models"

    "Predicting pm1_palas"

    "Predicting pm2_5_palas"

    "Predicting pm4_palas"

    "Predicting pm10_palas"

    "Predicting pmTotal_palas"

    "Predicting dCn_palas"

    "Predicting temperatureAirmar"

    "Predicting humidityAirmar"

    "Predicting dewPointAirmar"

    "Predicting pressureAirmar"

    "Gaining Prediction"

    "Printing complete Time Series for Node: 001e06305a6b"

    "Printing files for Node: 001e06305a6b for 12-Mar-2021"

    "Printing files for Node: 001e06305a6b for 11-Mar-2021"

    "Printing files for Node: 001e06305a6b for 10-Mar-2021"

    "Printing files for Node: 001e06305a6b for 09-Mar-2021"

    "Printing files for Node: 001e06305a6b for 08-Mar-2021"

    "Printing files for Node: 001e06305a6b for 07-Mar-2021"

    "Printing files for Node: 001e06305a6b for 06-Mar-2021"

    "Printing files for Node: 001e06305a6b for 05-Mar-2021"

    "Printing files for Node: 001e06305a6b for 04-Mar-2021"

    "Printing files for Node: 001e06305a6b for 03-Mar-2021"

    "Printing files for Node: 001e06305a6b for 02-Mar-2021"

    "Printing files for Node: 001e06305a6b for 01-Mar-2021"

    "Printing files for Node: 001e06305a6b for 28-Feb-2021"

    "Printing files for Node: 001e06305a6b for 27-Feb-2021"

    "Printing files for Node: 001e06305a6b for 26-Feb-2021"

    "Printing files for Node: 001e06305a6b for 25-Feb-2021"

    "Printing files for Node: 001e06305a6b for 24-Feb-2021"

    "Printing files for Node: 001e06305a6b for 23-Feb-2021"

    "Printing files for Node: 001e06305a6b for 22-Feb-2021"

    "Printing files for Node: 001e06305a6b for 21-Feb-2021"

    "Printing files for Node: 001e06305a6b for 20-Feb-2021"

    "Printing files for Node: 001e06305a6b for 19-Feb-2021"

    "Printing files for Node: 001e06305a6b for 18-Feb-2021"

    "Printing files for Node: 001e06305a6b for 17-Feb-2021"

    "Printing files for Node: 001e06305a6b for 16-Feb-2021"

    "Printing files for Node: 001e06305a6b for 15-Feb-2021"

    "Printing files for Node: 001e06305a6b for 14-Feb-2021"

    "Printing files for Node: 001e06305a6b for 13-Feb-2021"

    "Printing files for Node: 001e06305a6b for 12-Feb-2021"

    "Printing files for Node: 001e06305a6b for 11-Feb-2021"

    "Printing files for Node: 001e06305a6b for 10-Feb-2021"

    "Printing files for Node: 001e06305a6b for 09-Feb-2021"

    "Printing files for Node: 001e06305a6b for 08-Feb-2021"

    "Printing files for Node: 001e06305a6b for 07-Feb-2021"

    "Printing files for Node: 001e06305a6b for 06-Feb-2021"

    "Printing files for Node: 001e06305a6b for 05-Feb-2021"

    "Printing files for Node: 001e06305a6b for 04-Feb-2021"

    "Printing files for Node: 001e06305a6b for 03-Feb-2021"

    "Printing files for Node: 001e06305a6b for 02-Feb-2021"

    "Printing files for Node: 001e06305a6b for 01-Feb-2021"

    "Printing files for Node: 001e06305a6b for 31-Jan-2021"

    "Printing files for Node: 001e06305a6b for 30-Jan-2021"

    "Printing files for Node: 001e06305a6b for 29-Jan-2021"

    "Printing files for Node: 001e06305a6b for 28-Jan-2021"

    "Printing files for Node: 001e06305a6b for 27-Jan-2021"

    "Printing files for Node: 001e06305a6b for 26-Jan-2021"

    "Printing files for Node: 001e06305a6b for 25-Jan-2021"

    "Printing files for Node: 001e06305a6b for 24-Jan-2021"

    "Printing files for Node: 001e06305a6b for 23-Jan-2021"

    "Printing files for Node: 001e06305a6b for 22-Jan-2021"

    "Printing files for Node: 001e06305a6b for 21-Jan-2021"

    "Printing files for Node: 001e06305a6b for 20-Jan-2021"

    "Printing files for Node: 001e06305a6b for 19-Jan-2021"

    "Printing files for Node: 001e06305a6b for 18-Jan-2021"

    "Printing files for Node: 001e06305a6b for 17-Jan-2021"

    "Printing files for Node: 001e06305a6b for 16-Jan-2021"

    "Printing files for Node: 001e06305a6b for 15-Jan-2021"

    "Printing files for Node: 001e06305a6b for 14-Jan-2021"

    "Printing files for Node: 001e06305a6b for 13-Jan-2021"

    "Printing files for Node: 001e06305a6b for 12-Jan-2021"

    "Printing files for Node: 001e06305a6b for 11-Jan-2021"

    "Printing files for Node: 001e06305a6b for 10-Jan-2021"

    "Printing files for Node: 001e06305a6b for 09-Jan-2021"

    "Printing files for Node: 001e06305a6b for 08-Jan-2021"

    "Printing files for Node: 001e06305a6b for 07-Jan-2021"

    "Printing files for Node: 001e06305a6b for 06-Jan-2021"

    "Printing files for Node: 001e06305a6b for 05-Jan-2021"

    "Printing files for Node: 001e06305a6b for 04-Jan-2021"

    "Printing files for Node: 001e06305a6b for 03-Jan-2021"

    "Printing files for Node: 001e06305a6b for 02-Jan-2021"

    "Printing files for Node: 001e06305a6b for 01-Jan-2021"

    "Printing files for Node: 001e06305a6b for 31-Dec-2020"

    "Printing files for Node: 001e06305a6b for 30-Dec-2020"

    "Printing files for Node: 001e06305a6b for 29-Dec-2020"

    "Printing files for Node: 001e06305a6b for 28-Dec-2020"

    "Printing files for Node: 001e06305a6b for 27-Dec-2020"

    "Printing files for Node: 001e06305a6b for 26-Dec-2020"

    "Printing files for Node: 001e06305a6b for 25-Dec-2020"

    "Printing files for Node: 001e06305a6b for 24-Dec-2020"

    "Printing files for Node: 001e06305a6b for 23-Dec-2020"

    "Printing files for Node: 001e06305a6b for 22-Dec-2020"

    "Printing files for Node: 001e06305a6b for 21-Dec-2020"

    "Printing files for Node: 001e06305a6b for 20-Dec-2020"

    "Printing files for Node: 001e06305a6b for 19-Dec-2020"

    "Printing files for Node: 001e06305a6b for 18-Dec-2020"

    "Printing files for Node: 001e06305a6b for 17-Dec-2020"

    "Printing files for Node: 001e06305a6b for 16-Dec-2020"

    "Printing files for Node: 001e06305a6b for 15-Dec-2020"

    "Printing files for Node: 001e06305a6b for 14-Dec-2020"

    "Printing files for Node: 001e06305a6b for 13-Dec-2020"

    "Printing files for Node: 001e06305a6b for 12-Dec-2020"

    "Printing files for Node: 001e06305a6b for 11-Dec-2020"

    "Printing files for Node: 001e06305a6b for 10-Dec-2020"

    "Printing files for Node: 001e06305a6b for 09-Dec-2020"

    "Printing files for Node: 001e06305a6b for 08-Dec-2020"

    "Printing files for Node: 001e06305a6b for 07-Dec-2020"

    "Printing files for Node: 001e06305a6b for 06-Dec-2020"

    "Printing files for Node: 001e06305a6b for 05-Dec-2020"

    "Printing files for Node: 001e06305a6b for 04-Dec-2020"

    "Printing files for Node: 001e06305a6b for 03-Dec-2020"

    "Printing files for Node: 001e06305a6b for 02-Dec-2020"

    "Printing files for Node: 001e06305a6b for 01-Dec-2020"

    "Printing files for Node: 001e06305a6b for 30-Nov-2020"

    "Printing files for Node: 001e06305a6b for 29-Nov-2020"

    "Printing files for Node: 001e06305a6b for 28-Nov-2020"

    "Printing files for Node: 001e06305a6b for 27-Nov-2020"

    "Printing files for Node: 001e06305a6b for 26-Nov-2020"

    "Printing files for Node: 001e06305a6b for 25-Nov-2020"

    "Printing files for Node: 001e06305a6b for 24-Nov-2020"

    "Printing files for Node: 001e06305a6b for 23-Nov-2020"

    "Printing files for Node: 001e06305a6b for 22-Nov-2020"

    "Printing files for Node: 001e06305a6b for 21-Nov-2020"

    "Printing files for Node: 001e06305a6b for 20-Nov-2020"

    "Printing files for Node: 001e06305a6b for 19-Nov-2020"

    "Printing files for Node: 001e06305a6b for 18-Nov-2020"

    "Printing files for Node: 001e06305a6b for 17-Nov-2020"

    "Printing files for Node: 001e06305a6b for 16-Nov-2020"

    "Printing files for Node: 001e06305a6b for 15-Nov-2020"

    "Printing files for Node: 001e06305a6b for 14-Nov-2020"

    "Printing files for Node: 001e06305a6b for 13-Nov-2020"

    "Printing files for Node: 001e06305a6b for 12-Nov-2020"

    "Printing files for Node: 001e06305a6b for 11-Nov-2020"

    "Printing files for Node: 001e06305a6b for 10-Nov-2020"

    "Printing files for Node: 001e06305a6b for 09-Nov-2020"

    "Printing files for Node: 001e06305a6b for 08-Nov-2020"

    "Printing files for Node: 001e06305a6b for 07-Nov-2020"

    "Printing files for Node: 001e06305a6b for 06-Nov-2020"

    "Printing files for Node: 001e06305a6b for 05-Nov-2020"

    "Printing files for Node: 001e06305a6b for 04-Nov-2020"

    "Printing files for Node: 001e06305a6b for 03-Nov-2020"

    "Printing files for Node: 001e06305a6b for 02-Nov-2020"

    "Printing files for Node: 001e06305a6b for 01-Nov-2020"

    "Printing files for Node: 001e06305a6b for 31-Oct-2020"

    "Printing files for Node: 001e06305a6b for 30-Oct-2020"

    "Printing files for Node: 001e06305a6b for 29-Oct-2020"

    "Printing files for Node: 001e06305a6b for 28-Oct-2020"

    "Printing files for Node: 001e06305a6b for 27-Oct-2020"

    "Printing files for Node: 001e06305a6b for 26-Oct-2020"

    "Printing files for Node: 001e06305a6b for 25-Oct-2020"

    "Printing files for Node: 001e06305a6b for 24-Oct-2020"

    "Printing files for Node: 001e06305a6b for 23-Oct-2020"

    "Printing files for Node: 001e06305a6b for 22-Oct-2020"

    "Printing files for Node: 001e06305a6b for 21-Oct-2020"

    "Printing files for Node: 001e06305a6b for 20-Oct-2020"

    "Printing files for Node: 001e06305a6b for 19-Oct-2020"

    "Printing files for Node: 001e06305a6b for 18-Oct-2020"

    "Printing files for Node: 001e06305a6b for 17-Oct-2020"

    "Printing files for Node: 001e06305a6b for 16-Oct-2020"

    "Printing files for Node: 001e06305a6b for 15-Oct-2020"

    "Printing files for Node: 001e06305a6b for 14-Oct-2020"

    "Printing files for Node: 001e06305a6b for 13-Oct-2020"

    "Printing files for Node: 001e06305a6b for 12-Oct-2020"

    "Printing files for Node: 001e06305a6b for 11-Oct-2020"

    "Printing files for Node: 001e06305a6b for 10-Oct-2020"

    "Printing files for Node: 001e06305a6b for 09-Oct-2020"

    "Printing files for Node: 001e06305a6b for 08-Oct-2020"

    "Printing files for Node: 001e06305a6b for 07-Oct-2020"

    "Printing files for Node: 001e06305a6b for 06-Oct-2020"

    "Printing files for Node: 001e06305a6b for 05-Oct-2020"

    "Printing files for Node: 001e06305a6b for 04-Oct-2020"

    "Printing files for Node: 001e06305a6b for 03-Oct-2020"

    "Printing files for Node: 001e06305a6b for 02-Oct-2020"

    "Printing files for Node: 001e06305a6b for 01-Oct-2020"

    "Printing files for Node: 001e06305a6b for 30-Sep-2020"

    "Printing files for Node: 001e06305a6b for 29-Sep-2020"

    "Printing files for Node: 001e06305a6b for 28-Sep-2020"

    "Printing files for Node: 001e06305a6b for 27-Sep-2020"

    "Printing files for Node: 001e06305a6b for 26-Sep-2020"

    "Printing files for Node: 001e06305a6b for 25-Sep-2020"

    "Printing files for Node: 001e06305a6b for 24-Sep-2020"

    "Printing files for Node: 001e06305a6b for 23-Sep-2020"

    "Printing files for Node: 001e06305a6b for 22-Sep-2020"

    "Printing files for Node: 001e06305a6b for 21-Sep-2020"

    "Printing files for Node: 001e06305a6b for 20-Sep-2020"

    "Printing files for Node: 001e06305a6b for 19-Sep-2020"

    "Printing files for Node: 001e06305a6b for 18-Sep-2020"

    "Printing files for Node: 001e06305a6b for 17-Sep-2020"

    "Printing files for Node: 001e06305a6b for 16-Sep-2020"

    "Printing files for Node: 001e06305a6b for 15-Sep-2020"

    "Printing files for Node: 001e06305a6b for 14-Sep-2020"

    "Printing files for Node: 001e06305a6b for 13-Sep-2020"

    "Printing files for Node: 001e06305a6b for 12-Sep-2020"

    "Printing files for Node: 001e06305a6b for 11-Sep-2020"

    "Printing files for Node: 001e06305a6b for 10-Sep-2020"

    "Printing files for Node: 001e06305a6b for 09-Sep-2020"

    "Printing files for Node: 001e06305a6b for 08-Sep-2020"

    "Printing files for Node: 001e06305a6b for 07-Sep-2020"

    "Printing files for Node: 001e06305a6b for 06-Sep-2020"

    "Printing files for Node: 001e06305a6b for 05-Sep-2020"

    "Printing files for Node: 001e06305a6b for 04-Sep-2020"

    "Printing files for Node: 001e06305a6b for 03-Sep-2020"

    "Printing files for Node: 001e06305a6b for 02-Sep-2020"

    "Printing files for Node: 001e06305a6b for 01-Sep-2020"

    "Printing files for Node: 001e06305a6b for 31-Aug-2020"

    "Printing files for Node: 001e06305a6b for 30-Aug-2020"

    "Printing files for Node: 001e06305a6b for 29-Aug-2020"

    "Printing files for Node: 001e06305a6b for 28-Aug-2020"

    "Printing files for Node: 001e06305a6b for 27-Aug-2020"

    "Printing files for Node: 001e06305a6b for 26-Aug-2020"

    "Printing files for Node: 001e06305a6b for 25-Aug-2020"

    "Printing files for Node: 001e06305a6b for 24-Aug-2020"

    "Printing files for Node: 001e06305a6b for 23-Aug-2020"

    "Printing files for Node: 001e06305a6b for 22-Aug-2020"

    "Printing files for Node: 001e06305a6b for 21-Aug-2020"

    "Printing files for Node: 001e06305a6b for 20-Aug-2020"

    "Printing files for Node: 001e06305a6b for 19-Aug-2020"

    "Printing files for Node: 001e06305a6b for 18-Aug-2020"

    "Printing files for Node: 001e06305a6b for 17-Aug-2020"

    "Printing files for Node: 001e06305a6b for 16-Aug-2020"

    "Printing files for Node: 001e06305a6b for 15-Aug-2020"

    "Printing files for Node: 001e06305a6b for 14-Aug-2020"

    "Printing files for Node: 001e06305a6b for 13-Aug-2020"

    "Printing files for Node: 001e06305a6b for 12-Aug-2020"

    "Printing files for Node: 001e06305a6b for 11-Aug-2020"

    "Printing files for Node: 001e06305a6b for 10-Aug-2020"

    "Printing files for Node: 001e06305a6b for 09-Aug-2020"

    "Printing files for Node: 001e06305a6b for 08-Aug-2020"

    "Printing files for Node: 001e06305a6b for 07-Aug-2020"

    "Printing files for Node: 001e06305a6b for 06-Aug-2020"

    "Printing files for Node: 001e06305a6b for 05-Aug-2020"

    "Printing files for Node: 001e06305a6b for 04-Aug-2020"

    "Printing files for Node: 001e06305a6b for 03-Aug-2020"

    "Printing files for Node: 001e06305a6b for 02-Aug-2020"

    "Printing files for Node: 001e06305a6b for 01-Aug-2020"

    "Printing files for Node: 001e06305a6b for 31-Jul-2020"

    "Printing files for Node: 001e06305a6b for 30-Jul-2020"

    "Printing files for Node: 001e06305a6b for 29-Jul-2020"

    "Printing files for Node: 001e06305a6b for 28-Jul-2020"

    "Printing files for Node: 001e06305a6b for 27-Jul-2020"

    "Printing files for Node: 001e06305a6b for 26-Jul-2020"

    "Printing files for Node: 001e06305a6b for 25-Jul-2020"

    "Printing files for Node: 001e06305a6b for 24-Jul-2020"

    "Printing files for Node: 001e06305a6b for 23-Jul-2020"

    "Printing files for Node: 001e06305a6b for 22-Jul-2020"

    "Printing files for Node: 001e06305a6b for 21-Jul-2020"

    "Printing files for Node: 001e06305a6b for 20-Jul-2020"

    "Printing files for Node: 001e06305a6b for 19-Jul-2020"

    "Printing files for Node: 001e06305a6b for 18-Jul-2020"

    "Printing files for Node: 001e06305a6b for 17-Jul-2020"

    "Printing files for Node: 001e06305a6b for 16-Jul-2020"

    "Printing files for Node: 001e06305a6b for 15-Jul-2020"

    "Printing files for Node: 001e06305a6b for 14-Jul-2020"

    "Printing files for Node: 001e06305a6b for 13-Jul-2020"

    "Printing files for Node: 001e06305a6b for 12-Jul-2020"

    "Printing files for Node: 001e06305a6b for 11-Jul-2020"

    "Printing files for Node: 001e06305a6b for 10-Jul-2020"

    "Printing files for Node: 001e06305a6b for 09-Jul-2020"

    "Printing files for Node: 001e06305a6b for 08-Jul-2020"

    "Printing files for Node: 001e06305a6b for 07-Jul-2020"

    "Printing files for Node: 001e06305a6b for 06-Jul-2020"

    "Printing files for Node: 001e06305a6b for 05-Jul-2020"

    "Printing files for Node: 001e06305a6b for 04-Jul-2020"

    "Printing files for Node: 001e06305a6b for 03-Jul-2020"

    "Printing files for Node: 001e06305a6b for 02-Jul-2020"

    "Printing files for Node: 001e06305a6b for 01-Jul-2020"

    "Printing files for Node: 001e06305a6b for 30-Jun-2020"

    "Printing files for Node: 001e06305a6b for 29-Jun-2020"

    "Printing files for Node: 001e06305a6b for 28-Jun-2020"

    "Printing files for Node: 001e06305a6b for 27-Jun-2020"

    "Printing files for Node: 001e06305a6b for 26-Jun-2020"

    "Printing files for Node: 001e06305a6b for 25-Jun-2020"

    "Printing files for Node: 001e06305a6b for 24-Jun-2020"

    "Printing files for Node: 001e06305a6b for 23-Jun-2020"

    "Printing files for Node: 001e06305a6b for 22-Jun-2020"

    "Printing files for Node: 001e06305a6b for 21-Jun-2020"

    "Printing files for Node: 001e06305a6b for 20-Jun-2020"

    "Printing files for Node: 001e06305a6b for 19-Jun-2020"

    "Printing files for Node: 001e06305a6b for 18-Jun-2020"

    "Printing files for Node: 001e06305a6b for 17-Jun-2020"

    "Printing files for Node: 001e06305a6b for 16-Jun-2020"

    "Printing files for Node: 001e06305a6b for 15-Jun-2020"

    "Printing files for Node: 001e06305a6b for 14-Jun-2020"

    "Printing files for Node: 001e06305a6b for 13-Jun-2020"

    "Printing files for Node: 001e06305a6b for 12-Jun-2020"

    "Printing files for Node: 001e06305a6b for 11-Jun-2020"

    "Printing files for Node: 001e06305a6b for 10-Jun-2020"

    "Creating Folder @: '/scratch/lhw150030/mintsData/liveUpdate/UTDNodes/001e06305a6b/2020/06/10'"

    "Printing files for Node: 001e06305a6b for 09-Jun-2020"

    "Creating Folder @: '/scratch/lhw150030/mintsData/liveUpdate/UTDNodes/001e06305a6b/2020/06/09'"

    "Printing files for Node: 001e06305a6b for 08-Jun-2020"

    "Creating Folder @: '/scratch/lhw150030/mintsData/liveUpdate/UTDNodes/001e06305a6b/2020/06/08'"

    "Printing files for Node: 001e06305a6b for 07-Jun-2020"

    "Creating Folder @: '/scratch/lhw150030/mintsData/liveUpdate/UTDNodes/001e06305a6b/2020/06/07'"

    "Printing files for Node: 001e06305a6b for 06-Jun-2020"

    "Creating Folder @: '/scratch/lhw150030/mintsData/liveUpdate/UTDNodes/001e06305a6b/2020/06/06'"

    "Printing files for Node: 001e06305a6b for 05-Jun-2020"

    "Creating Folder @: '/scratch/lhw150030/mintsData/liveUpdate/UTDNodes/001e06305a6b/2020/06/05'"

    "Printing files for Node: 001e06305a6b for 04-Jun-2020"

    "Creating Folder @: '/scratch/lhw150030/mintsData/liveUpdate/UTDNodes/001e06305a6b/2020/06/04'"

    "Printing files for Node: 001e06305a6b for 03-Jun-2020"

    "Creating Folder @: '/scratch/lhw150030/mintsData/liveUpdate/UTDNodes/001e06305a6b/2020/06/03'"

    "Printing files for Node: 001e06305a6b for 02-Jun-2020"

    "Creating Folder @: '/scratch/lhw150030/mintsData/liveUpdate/UTDNodes/001e06305a6b/2020/06/02'"

    "Printing files for Node: 001e06305a6b for 01-Jun-2020"

    "Creating Folder @: '/scratch/lhw150030/mintsData/liveUpdate/UTDNodes/001e06305a6b/2020/06/01'"

    "Printing files for Node: 001e06305a6b for 31-May-2020"

    "Creating Folder @: '/scratch/lhw150030/mintsData/liveUpdate/UTDNodes/001e06305a6b/2020/05/31'"

    "Printing files for Node: 001e06305a6b for 30-May-2020"

    "Creating Folder @: '/scratch/lhw150030/mintsData/liveUpdate/UTDNodes/001e06305a6b/2020/05/30'"

    "Printing files for Node: 001e06305a6b for 29-May-2020"

    "Creating Folder @: '/scratch/lhw150030/mintsData/liveUpdate/UTDNodes/001e06305a6b/2020/05/29'"

    "Printing files for Node: 001e06305a6b for 28-May-2020"

    "Creating Folder @: '/scratch/lhw150030/mintsData/liveUpdate/UTDNodes/001e06305a6b/2020/05/28'"

    "Printing files for Node: 001e06305a6b for 27-May-2020"

    "Creating Folder @: '/scratch/lhw150030/mintsData/liveUpdate/UTDNodes/001e06305a6b/2020/05/27'"

    "Printing files for Node: 001e06305a6b for 26-May-2020"

    "Creating Folder @: '/scratch/lhw150030/mintsData/liveUpdate/UTDNodes/001e06305a6b/2020/05/26'"

    "Printing files for Node: 001e06305a6b for 25-May-2020"

    "Creating Folder @: '/scratch/lhw150030/mintsData/liveUpdate/UTDNodes/001e06305a6b/2020/05/25'"

    "Printing files for Node: 001e06305a6b for 24-May-2020"

    "Creating Folder @: '/scratch/lhw150030/mintsData/liveUpdate/UTDNodes/001e06305a6b/2020/05/24'"

    "Printing files for Node: 001e06305a6b for 23-May-2020"

    "Printing files for Node: 001e06305a6b for 22-May-2020"

    "Printing files for Node: 001e06305a6b for 21-May-2020"

    "Printing files for Node: 001e06305a6b for 20-May-2020"

    "Printing files for Node: 001e06305a6b for 19-May-2020"

    "Printing files for Node: 001e06305a6b for 18-May-2020"

    "Printing files for Node: 001e06305a6b for 17-May-2020"

    "Printing files for Node: 001e06305a6b for 16-May-2020"

    "Printing files for Node: 001e06305a6b for 15-May-2020"

    "Printing files for Node: 001e06305a6b for 14-May-2020"

    "Printing files for Node: 001e06305a6b for 13-May-2020"

    "Printing files for Node: 001e06305a6b for 12-May-2020"

    "Printing files for Node: 001e06305a6b for 11-May-2020"

    "Printing files for Node: 001e06305a6b for 10-May-2020"

    "Printing files for Node: 001e06305a6b for 09-May-2020"

    "Printing files for Node: 001e06305a6b for 08-May-2020"

    "Printing files for Node: 001e06305a6b for 07-May-2020"

    "Printing files for Node: 001e06305a6b for 06-May-2020"

    "Printing files for Node: 001e06305a6b for 05-May-2020"

    "Printing files for Node: 001e06305a6b for 04-May-2020"

    "Printing files for Node: 001e06305a6b for 03-May-2020"

    "Printing files for Node: 001e06305a6b for 02-May-2020"

    "Printing files for Node: 001e06305a6b for 01-May-2020"

    "Printing files for Node: 001e06305a6b for 30-Apr-2020"

    "Printing files for Node: 001e06305a6b for 29-Apr-2020"

    "Printing files for Node: 001e06305a6b for 28-Apr-2020"

    "Printing files for Node: 001e06305a6b for 27-Apr-2020"

    "Printing files for Node: 001e06305a6b for 26-Apr-2020"

    "Printing files for Node: 001e06305a6b for 25-Apr-2020"

    "Printing files for Node: 001e06305a6b for 24-Apr-2020"

    "Creating Folder @: '/scratch/lhw150030/mintsData/liveUpdate/UTDNodes/001e06305a6b/2020/04/24'"

    "Printing files for Node: 001e06305a6b for 23-Apr-2020"

    "Creating Folder @: '/scratch/lhw150030/mintsData/liveUpdate/UTDNodes/001e06305a6b/2020/04/23'"

    "Printing files for Node: 001e06305a6b for 22-Apr-2020"

    "Creating Folder @: '/scratch/lhw150030/mintsData/liveUpdate/UTDNodes/001e06305a6b/2020/04/22'"

    "Printing files for Node: 001e06305a6b for 21-Apr-2020"

    "Creating Folder @: '/scratch/lhw150030/mintsData/liveUpdate/UTDNodes/001e06305a6b/2020/04/21'"

    "Printing files for Node: 001e06305a6b for 20-Apr-2020"

    "Creating Folder @: '/scratch/lhw150030/mintsData/liveUpdate/UTDNodes/001e06305a6b/2020/04/20'"

    "Printing files for Node: 001e06305a6b for 19-Apr-2020"

    "Creating Folder @: '/scratch/lhw150030/mintsData/liveUpdate/UTDNodes/001e06305a6b/2020/04/19'"

    "Printing files for Node: 001e06305a6b for 18-Apr-2020"

    "Creating Folder @: '/scratch/lhw150030/mintsData/liveUpdate/UTDNodes/001e06305a6b/2020/04/18'"

    "Printing files for Node: 001e06305a6b for 17-Apr-2020"

    "Creating Folder @: '/scratch/lhw150030/mintsData/liveUpdate/UTDNodes/001e06305a6b/2020/04/17'"

    "Printing files for Node: 001e06305a6b for 16-Apr-2020"

    "Creating Folder @: '/scratch/lhw150030/mintsData/liveUpdate/UTDNodes/001e06305a6b/2020/04/16'"

    "Printing files for Node: 001e06305a6b for 15-Apr-2020"

    "Creating Folder @: '/scratch/lhw150030/mintsData/liveUpdate/UTDNodes/001e06305a6b/2020/04/15'"

    "Printing files for Node: 001e06305a6b for 14-Apr-2020"

    "Creating Folder @: '/scratch/lhw150030/mintsData/liveUpdate/UTDNodes/001e06305a6b/2020/04/14'"

    "Printing files for Node: 001e06305a6b for 13-Apr-2020"

    "Creating Folder @: '/scratch/lhw150030/mintsData/liveUpdate/UTDNodes/001e06305a6b/2020/04/13'"

    "Printing files for Node: 001e06305a6b for 12-Apr-2020"

    "Creating Folder @: '/scratch/lhw150030/mintsData/liveUpdate/UTDNodes/001e06305a6b/2020/04/12'"

    "Printing files for Node: 001e06305a6b for 11-Apr-2020"

    "Creating Folder @: '/scratch/lhw150030/mintsData/liveUpdate/UTDNodes/001e06305a6b/2020/04/11'"

    "Printing files for Node: 001e06305a6b for 10-Apr-2020"

    "Creating Folder @: '/scratch/lhw150030/mintsData/liveUpdate/UTDNodes/001e06305a6b/2020/04/10'"

    "Printing files for Node: 001e06305a6b for 09-Apr-2020"

    "Creating Folder @: '/scratch/lhw150030/mintsData/liveUpdate/UTDNodes/001e06305a6b/2020/04/09'"

    "Printing files for Node: 001e06305a6b for 08-Apr-2020"

    "Creating Folder @: '/scratch/lhw150030/mintsData/liveUpdate/UTDNodes/001e06305a6b/2020/04/08'"

    "Printing files for Node: 001e06305a6b for 07-Apr-2020"

    "Creating Folder @: '/scratch/lhw150030/mintsData/liveUpdate/UTDNodes/001e06305a6b/2020/04/07'"

    "Printing files for Node: 001e06305a6b for 06-Apr-2020"

    "Creating Folder @: '/scratch/lhw150030/mintsData/liveUpdate/UTDNodes/001e06305a6b/2020/04/06'"

    "Printing files for Node: 001e06305a6b for 05-Apr-2020"

    "Creating Folder @: '/scratch/lhw150030/mintsData/liveUpdate/UTDNodes/001e06305a6b/2020/04/05'"

    "Printing files for Node: 001e06305a6b for 04-Apr-2020"

    "Creating Folder @: '/scratch/lhw150030/mintsData/liveUpdate/UTDNodes/001e06305a6b/2020/04/04'"

    "Printing files for Node: 001e06305a6b for 03-Apr-2020"

    "Creating Folder @: '/scratch/lhw150030/mintsData/liveUpdate/UTDNodes/001e06305a6b/2020/04/03'"

    "Printing files for Node: 001e06305a6b for 02-Apr-2020"

    "Creating Folder @: '/scratch/lhw150030/mintsData/liveUpdate/UTDNodes/001e06305a6b/2020/04/02'"

    "Printing files for Node: 001e06305a6b for 01-Apr-2020"

    "Creating Folder @: '/scratch/lhw150030/mintsData/liveUpdate/UTDNodes/001e06305a6b/2020/04/01'"

    "Printing files for Node: 001e06305a6b for 31-Mar-2020"

    "Creating Folder @: '/scratch/lhw150030/mintsData/liveUpdate/UTDNodes/001e06305a6b/2020/03/31'"

    "Printing files for Node: 001e06305a6b for 30-Mar-2020"

    "Creating Folder @: '/scratch/lhw150030/mintsData/liveUpdate/UTDNodes/001e06305a6b/2020/03/30'"

    "Printing files for Node: 001e06305a6b for 29-Mar-2020"

    "Creating Folder @: '/scratch/lhw150030/mintsData/liveUpdate/UTDNodes/001e06305a6b/2020/03/29'"

    "Printing files for Node: 001e06305a6b for 28-Mar-2020"

    "Creating Folder @: '/scratch/lhw150030/mintsData/liveUpdate/UTDNodes/001e06305a6b/2020/03/28'"

    "Printing files for Node: 001e06305a6b for 27-Mar-2020"

    "Creating Folder @: '/scratch/lhw150030/mintsData/liveUpdate/UTDNodes/001e06305a6b/2020/03/27'"

    "Printing files for Node: 001e06305a6b for 26-Mar-2020"

    "Creating Folder @: '/scratch/lhw150030/mintsData/liveUpdate/UTDNodes/001e06305a6b/2020/03/26'"

    "Printing files for Node: 001e06305a6b for 25-Mar-2020"

    "Creating Folder @: '/scratch/lhw150030/mintsData/liveUpdate/UTDNodes/001e06305a6b/2020/03/25'"

    "Printing files for Node: 001e06305a6b for 24-Mar-2020"

    "Creating Folder @: '/scratch/lhw150030/mintsData/liveUpdate/UTDNodes/001e06305a6b/2020/03/24'"

    "Printing files for Node: 001e06305a6b for 23-Mar-2020"

    "Creating Folder @: '/scratch/lhw150030/mintsData/liveUpdate/UTDNodes/001e06305a6b/2020/03/23'"

    "Printing files for Node: 001e06305a6b for 22-Mar-2020"

    "Creating Folder @: '/scratch/lhw150030/mintsData/liveUpdate/UTDNodes/001e06305a6b/2020/03/22'"

    "Printing files for Node: 001e06305a6b for 21-Mar-2020"

    "Creating Folder @: '/scratch/lhw150030/mintsData/liveUpdate/UTDNodes/001e06305a6b/2020/03/21'"

    "Printing files for Node: 001e06305a6b for 20-Mar-2020"

    "Creating Folder @: '/scratch/lhw150030/mintsData/liveUpdate/UTDNodes/001e06305a6b/2020/03/20'"

    "Printing files for Node: 001e06305a6b for 19-Mar-2020"

    "Creating Folder @: '/scratch/lhw150030/mintsData/liveUpdate/UTDNodes/001e06305a6b/2020/03/19'"

    "Printing files for Node: 001e06305a6b for 18-Mar-2020"

    "Creating Folder @: '/scratch/lhw150030/mintsData/liveUpdate/UTDNodes/001e06305a6b/2020/03/18'"

    "Printing files for Node: 001e06305a6b for 17-Mar-2020"

    "Creating Folder @: '/scratch/lhw150030/mintsData/liveUpdate/UTDNodes/001e06305a6b/2020/03/17'"

    "Printing files for Node: 001e06305a6b for 16-Mar-2020"

    "Creating Folder @: '/scratch/lhw150030/mintsData/liveUpdate/UTDNodes/001e06305a6b/2020/03/16'"

    "Printing files for Node: 001e06305a6b for 15-Mar-2020"

    "Creating Folder @: '/scratch/lhw150030/mintsData/liveUpdate/UTDNodes/001e06305a6b/2020/03/15'"

    "Printing files for Node: 001e06305a6b for 14-Mar-2020"

    "Creating Folder @: '/scratch/lhw150030/mintsData/liveUpdate/UTDNodes/001e06305a6b/2020/03/14'"

    "Printing files for Node: 001e06305a6b for 13-Mar-2020"

    "Creating Folder @: '/scratch/lhw150030/mintsData/liveUpdate/UTDNodes/001e06305a6b/2020/03/13'"

    "Printing files for Node: 001e06305a6b for 12-Mar-2020"

    "Creating Folder @: '/scratch/lhw150030/mintsData/liveUpdate/UTDNodes/001e06305a6b/2020/03/12'"

    "Printing files for Node: 001e06305a6b for 11-Mar-2020"

    "Creating Folder @: '/scratch/lhw150030/mintsData/liveUpdate/UTDNodes/001e06305a6b/2020/03/11'"

    "Printing files for Node: 001e06305a6b for 10-Mar-2020"

    "Creating Folder @: '/scratch/lhw150030/mintsData/liveUpdate/UTDNodes/001e06305a6b/2020/03/10'"

    "Printing files for Node: 001e06305a6b for 09-Mar-2020"

    "Creating Folder @: '/scratch/lhw150030/mintsData/liveUpdate/UTDNodes/001e06305a6b/2020/03/09'"

    "Printing files for Node: 001e06305a6b for 08-Mar-2020"

    "Creating Folder @: '/scratch/lhw150030/mintsData/liveUpdate/UTDNodes/001e06305a6b/2020/03/08'"

    "Printing files for Node: 001e06305a6b for 07-Mar-2020"

    "Creating Folder @: '/scratch/lhw150030/mintsData/liveUpdate/UTDNodes/001e06305a6b/2020/03/07'"

    "Printing files for Node: 001e06305a6b for 06-Mar-2020"

    "Creating Folder @: '/scratch/lhw150030/mintsData/liveUpdate/UTDNodes/001e06305a6b/2020/03/06'"

    "Printing files for Node: 001e06305a6b for 05-Mar-2020"

    "Creating Folder @: '/scratch/lhw150030/mintsData/liveUpdate/UTDNodes/001e06305a6b/2020/03/05'"

    "Printing files for Node: 001e06305a6b for 04-Mar-2020"

    "Creating Folder @: '/scratch/lhw150030/mintsData/liveUpdate/UTDNodes/001e06305a6b/2020/03/04'"

    "Printing files for Node: 001e06305a6b for 03-Mar-2020"

    "Creating Folder @: '/scratch/lhw150030/mintsData/liveUpdate/UTDNodes/001e06305a6b/2020/03/03'"

    "Printing files for Node: 001e06305a6b for 02-Mar-2020"

    "Creating Folder @: '/scratch/lhw150030/mintsData/liveUpdate/UTDNodes/001e06305a6b/2020/03/02'"

    "Printing files for Node: 001e06305a6b for 01-Mar-2020"

    "Creating Folder @: '/scratch/lhw150030/mintsData/liveUpdate/UTDNodes/001e06305a6b/2020/03/01'"

    "Printing files for Node: 001e06305a6b for 29-Feb-2020"

    "Creating Folder @: '/scratch/lhw150030/mintsData/liveUpdate/UTDNodes/001e06305a6b/2020/02/29'"

    "Printing files for Node: 001e06305a6b for 28-Feb-2020"

    "Creating Folder @: '/scratch/lhw150030/mintsData/liveUpdate/UTDNodes/001e06305a6b/2020/02/28'"

    "Printing files for Node: 001e06305a6b for 27-Feb-2020"

    "Creating Folder @: '/scratch/lhw150030/mintsData/liveUpdate/UTDNodes/001e06305a6b/2020/02/27'"

    "Printing files for Node: 001e06305a6b for 26-Feb-2020"

    "Creating Folder @: '/scratch/lhw150030/mintsData/liveUpdate/UTDNodes/001e06305a6b/2020/02/26'"

    "Printing files for Node: 001e06305a6b for 25-Feb-2020"

    "Creating Folder @: '/scratch/lhw150030/mintsData/liveUpdate/UTDNodes/001e06305a6b/2020/02/25'"

    "Printing files for Node: 001e06305a6b for 24-Feb-2020"

    "Creating Folder @: '/scratch/lhw150030/mintsData/liveUpdate/UTDNodes/001e06305a6b/2020/02/24'"

    "Printing files for Node: 001e06305a6b for 23-Feb-2020"

    "Creating Folder @: '/scratch/lhw150030/mintsData/liveUpdate/UTDNodes/001e06305a6b/2020/02/23'"

    "Printing files for Node: 001e06305a6b for 22-Feb-2020"

    "Creating Folder @: '/scratch/lhw150030/mintsData/liveUpdate/UTDNodes/001e06305a6b/2020/02/22'"

    "Printing files for Node: 001e06305a6b for 21-Feb-2020"

    "Creating Folder @: '/scratch/lhw150030/mintsData/liveUpdate/UTDNodes/001e06305a6b/2020/02/21'"

    "Printing files for Node: 001e06305a6b for 20-Feb-2020"

    "Creating Folder @: '/scratch/lhw150030/mintsData/liveUpdate/UTDNodes/001e06305a6b/2020/02/20'"

    "Printing files for Node: 001e06305a6b for 19-Feb-2020"

    "Creating Folder @: '/scratch/lhw150030/mintsData/liveUpdate/UTDNodes/001e06305a6b/2020/02/19'"

    "Printing files for Node: 001e06305a6b for 18-Feb-2020"

    "Creating Folder @: '/scratch/lhw150030/mintsData/liveUpdate/UTDNodes/001e06305a6b/2020/02/18'"

    "Printing files for Node: 001e06305a6b for 17-Feb-2020"

    "Creating Folder @: '/scratch/lhw150030/mintsData/liveUpdate/UTDNodes/001e06305a6b/2020/02/17'"

    "Printing files for Node: 001e06305a6b for 16-Feb-2020"

    "Creating Folder @: '/scratch/lhw150030/mintsData/liveUpdate/UTDNodes/001e06305a6b/2020/02/16'"

    "Printing files for Node: 001e06305a6b for 15-Feb-2020"

    "Creating Folder @: '/scratch/lhw150030/mintsData/liveUpdate/UTDNodes/001e06305a6b/2020/02/15'"

    "Printing files for Node: 001e06305a6b for 14-Feb-2020"

    "Creating Folder @: '/scratch/lhw150030/mintsData/liveUpdate/UTDNodes/001e06305a6b/2020/02/14'"

    "Printing files for Node: 001e06305a6b for 13-Feb-2020"

    "Creating Folder @: '/scratch/lhw150030/mintsData/liveUpdate/UTDNodes/001e06305a6b/2020/02/13'"

    "Printing files for Node: 001e06305a6b for 12-Feb-2020"

    "Creating Folder @: '/scratch/lhw150030/mintsData/liveUpdate/UTDNodes/001e06305a6b/2020/02/12'"

    "Printing files for Node: 001e06305a6b for 11-Feb-2020"

    "Creating Folder @: '/scratch/lhw150030/mintsData/liveUpdate/UTDNodes/001e06305a6b/2020/02/11'"

    "Printing files for Node: 001e06305a6b for 10-Feb-2020"

    "Creating Folder @: '/scratch/lhw150030/mintsData/liveUpdate/UTDNodes/001e06305a6b/2020/02/10'"

    "Printing files for Node: 001e06305a6b for 09-Feb-2020"

    "Creating Folder @: '/scratch/lhw150030/mintsData/liveUpdate/UTDNodes/001e06305a6b/2020/02/09'"

    "Printing files for Node: 001e06305a6b for 08-Feb-2020"

    "Creating Folder @: '/scratch/lhw150030/mintsData/liveUpdate/UTDNodes/001e06305a6b/2020/02/08'"

    "Printing files for Node: 001e06305a6b for 07-Feb-2020"

    "Creating Folder @: '/scratch/lhw150030/mintsData/liveUpdate/UTDNodes/001e06305a6b/2020/02/07'"

    "Printing files for Node: 001e06305a6b for 06-Feb-2020"

    "Creating Folder @: '/scratch/lhw150030/mintsData/liveUpdate/UTDNodes/001e06305a6b/2020/02/06'"

    "Printing files for Node: 001e06305a6b for 05-Feb-2020"

    "Creating Folder @: '/scratch/lhw150030/mintsData/liveUpdate/UTDNodes/001e06305a6b/2020/02/05'"

    "Printing files for Node: 001e06305a6b for 04-Feb-2020"

    "Creating Folder @: '/scratch/lhw150030/mintsData/liveUpdate/UTDNodes/001e06305a6b/2020/02/04'"

    "Printing files for Node: 001e06305a6b for 03-Feb-2020"

    "Creating Folder @: '/scratch/lhw150030/mintsData/liveUpdate/UTDNodes/001e06305a6b/2020/02/03'"

    "Printing files for Node: 001e06305a6b for 02-Feb-2020"

    "Creating Folder @: '/scratch/lhw150030/mintsData/liveUpdate/UTDNodes/001e06305a6b/2020/02/02'"

    "Printing files for Node: 001e06305a6b for 01-Feb-2020"

    "Creating Folder @: '/scratch/lhw150030/mintsData/liveUpdate/UTDNodes/001e06305a6b/2020/02/01'"

    "Printing files for Node: 001e06305a6b for 31-Jan-2020"

    "Creating Folder @: '/scratch/lhw150030/mintsData/liveUpdate/UTDNodes/001e06305a6b/2020/01/31'"

    "Printing files for Node: 001e06305a6b for 30-Jan-2020"

    "Creating Folder @: '/scratch/lhw150030/mintsData/liveUpdate/UTDNodes/001e06305a6b/2020/01/30'"

    "Printing files for Node: 001e06305a6b for 29-Jan-2020"

    "Creating Folder @: '/scratch/lhw150030/mintsData/liveUpdate/UTDNodes/001e06305a6b/2020/01/29'"

    "Printing files for Node: 001e06305a6b for 28-Jan-2020"

    "Creating Folder @: '/scratch/lhw150030/mintsData/liveUpdate/UTDNodes/001e06305a6b/2020/01/28'"

    "Printing files for Node: 001e06305a6b for 27-Jan-2020"

    "Creating Folder @: '/scratch/lhw150030/mintsData/liveUpdate/UTDNodes/001e06305a6b/2020/01/27'"

    "Printing files for Node: 001e06305a6b for 26-Jan-2020"

    "Creating Folder @: '/scratch/lhw150030/mintsData/liveUpdate/UTDNodes/001e06305a6b/2020/01/26'"

    "Printing files for Node: 001e06305a6b for 25-Jan-2020"

    "Creating Folder @: '/scratch/lhw150030/mintsData/liveUpdate/UTDNodes/001e06305a6b/2020/01/25'"

    "Printing files for Node: 001e06305a6b for 24-Jan-2020"

    "Creating Folder @: '/scratch/lhw150030/mintsData/liveUpdate/UTDNodes/001e06305a6b/2020/01/24'"

    "Printing files for Node: 001e06305a6b for 23-Jan-2020"

    "Creating Folder @: '/scratch/lhw150030/mintsData/liveUpdate/UTDNodes/001e06305a6b/2020/01/23'"

    "Printing files for Node: 001e06305a6b for 22-Jan-2020"

    "Creating Folder @: '/scratch/lhw150030/mintsData/liveUpdate/UTDNodes/001e06305a6b/2020/01/22'"

    "Printing files for Node: 001e06305a6b for 21-Jan-2020"

    "Creating Folder @: '/scratch/lhw150030/mintsData/liveUpdate/UTDNodes/001e06305a6b/2020/01/21'"

    "Printing files for Node: 001e06305a6b for 20-Jan-2020"

    "Creating Folder @: '/scratch/lhw150030/mintsData/liveUpdate/UTDNodes/001e06305a6b/2020/01/20'"

    "Printing files for Node: 001e06305a6b for 19-Jan-2020"

    "Creating Folder @: '/scratch/lhw150030/mintsData/liveUpdate/UTDNodes/001e06305a6b/2020/01/19'"

    "Printing files for Node: 001e06305a6b for 18-Jan-2020"

    "Creating Folder @: '/scratch/lhw150030/mintsData/liveUpdate/UTDNodes/001e06305a6b/2020/01/18'"

    "Printing files for Node: 001e06305a6b for 17-Jan-2020"

    "Creating Folder @: '/scratch/lhw150030/mintsData/liveUpdate/UTDNodes/001e06305a6b/2020/01/17'"

    "Printing files for Node: 001e06305a6b for 16-Jan-2020"

    "Creating Folder @: '/scratch/lhw150030/mintsData/liveUpdate/UTDNodes/001e06305a6b/2020/01/16'"

    "Printing files for Node: 001e06305a6b for 15-Jan-2020"

    "Creating Folder @: '/scratch/lhw150030/mintsData/liveUpdate/UTDNodes/001e06305a6b/2020/01/15'"

    "Printing files for Node: 001e06305a6b for 14-Jan-2020"

    "Creating Folder @: '/scratch/lhw150030/mintsData/liveUpdate/UTDNodes/001e06305a6b/2020/01/14'"

    "Printing files for Node: 001e06305a6b for 13-Jan-2020"

    "Creating Folder @: '/scratch/lhw150030/mintsData/liveUpdate/UTDNodes/001e06305a6b/2020/01/13'"

    "Printing files for Node: 001e06305a6b for 12-Jan-2020"

    "Printing files for Node: 001e06305a6b for 11-Jan-2020"

    "Printing files for Node: 001e06305a6b for 10-Jan-2020"

    "Printing files for Node: 001e06305a6b for 09-Jan-2020"

    "Printing files for Node: 001e06305a6b for 08-Jan-2020"

    "Printing files for Node: 001e06305a6b for 07-Jan-2020"

    "Printing files for Node: 001e06305a6b for 06-Jan-2020"

    "Printing files for Node: 001e06305a6b for 05-Jan-2020"

    "Printing files for Node: 001e06305a6b for 04-Jan-2020"

    "Creating Folder @: '/scratch/lhw150030/mintsData/liveUpdate/UTDNodes/001e06305a6b/2020/01/04'"

    "Printing files for Node: 001e06305a6b for 03-Jan-2020"

    "Creating Folder @: '/scratch/lhw150030/mintsData/liveUpdate/UTDNodes/001e06305a6b/2020/01/03'"

    "Printing files for Node: 001e06305a6b for 02-Jan-2020"

    "Creating Folder @: '/scratch/lhw150030/mintsData/liveUpdate/UTDNodes/001e06305a6b/2020/01/02'"

    "Printing files for Node: 001e06305a6b for 01-Jan-2020"

    "Creating Folder @: '/scratch/lhw150030/mintsData/liveUpdate/UTDNodes/001e06305a6b/2020/01/01'"

    "Printing files for Node: 001e06305a6b for 31-Dec-2019"

    "Creating Folder @: '/scratch/lhw150030/mintsData/liveUpdate/UTDNodes/001e06305a6b/2019/12/31'"

    "Printing files for Node: 001e06305a6b for 30-Dec-2019"

    "Creating Folder @: '/scratch/lhw150030/mintsData/liveUpdate/UTDNodes/001e06305a6b/2019/12/30'"

    "Printing files for Node: 001e06305a6b for 29-Dec-2019"

    "Creating Folder @: '/scratch/lhw150030/mintsData/liveUpdate/UTDNodes/001e06305a6b/2019/12/29'"

    "Printing files for Node: 001e06305a6b for 28-Dec-2019"

    "Creating Folder @: '/scratch/lhw150030/mintsData/liveUpdate/UTDNodes/001e06305a6b/2019/12/28'"

    "Printing files for Node: 001e06305a6b for 27-Dec-2019"

    "Creating Folder @: '/scratch/lhw150030/mintsData/liveUpdate/UTDNodes/001e06305a6b/2019/12/27'"

    "Printing files for Node: 001e06305a6b for 26-Dec-2019"

    "Creating Folder @: '/scratch/lhw150030/mintsData/liveUpdate/UTDNodes/001e06305a6b/2019/12/26'"

    "Printing files for Node: 001e06305a6b for 25-Dec-2019"

    "Creating Folder @: '/scratch/lhw150030/mintsData/liveUpdate/UTDNodes/001e06305a6b/2019/12/25'"

    "Printing files for Node: 001e06305a6b for 24-Dec-2019"

    "Creating Folder @: '/scratch/lhw150030/mintsData/liveUpdate/UTDNodes/001e06305a6b/2019/12/24'"

    "Printing files for Node: 001e06305a6b for 23-Dec-2019"

    "Creating Folder @: '/scratch/lhw150030/mintsData/liveUpdate/UTDNodes/001e06305a6b/2019/12/23'"

    "Printing files for Node: 001e06305a6b for 22-Dec-2019"

    "Creating Folder @: '/scratch/lhw150030/mintsData/liveUpdate/UTDNodes/001e06305a6b/2019/12/22'"

    "Printing files for Node: 001e06305a6b for 21-Dec-2019"

    "Creating Folder @: '/scratch/lhw150030/mintsData/liveUpdate/UTDNodes/001e06305a6b/2019/12/21'"

    "Printing files for Node: 001e06305a6b for 20-Dec-2019"

    "Creating Folder @: '/scratch/lhw150030/mintsData/liveUpdate/UTDNodes/001e06305a6b/2019/12/20'"

    "Printing files for Node: 001e06305a6b for 19-Dec-2019"

    "Creating Folder @: '/scratch/lhw150030/mintsData/liveUpdate/UTDNodes/001e06305a6b/2019/12/19'"

    "Printing files for Node: 001e06305a6b for 18-Dec-2019"

    "Creating Folder @: '/scratch/lhw150030/mintsData/liveUpdate/UTDNodes/001e06305a6b/2019/12/18'"

    "Printing files for Node: 001e06305a6b for 17-Dec-2019"

    "Creating Folder @: '/scratch/lhw150030/mintsData/liveUpdate/UTDNodes/001e06305a6b/2019/12/17'"

    "Printing files for Node: 001e06305a6b for 16-Dec-2019"

    "Creating Folder @: '/scratch/lhw150030/mintsData/liveUpdate/UTDNodes/001e06305a6b/2019/12/16'"

    "Printing files for Node: 001e06305a6b for 15-Dec-2019"

    "Creating Folder @: '/scratch/lhw150030/mintsData/liveUpdate/UTDNodes/001e06305a6b/2019/12/15'"

    "Printing files for Node: 001e06305a6b for 14-Dec-2019"

    "Creating Folder @: '/scratch/lhw150030/mintsData/liveUpdate/UTDNodes/001e06305a6b/2019/12/14'"

    "Printing files for Node: 001e06305a6b for 13-Dec-2019"

    "Creating Folder @: '/scratch/lhw150030/mintsData/liveUpdate/UTDNodes/001e06305a6b/2019/12/13'"

    "Printing files for Node: 001e06305a6b for 12-Dec-2019"

    "Creating Folder @: '/scratch/lhw150030/mintsData/liveUpdate/UTDNodes/001e06305a6b/2019/12/12'"

    "Printing files for Node: 001e06305a6b for 11-Dec-2019"

    "Creating Folder @: '/scratch/lhw150030/mintsData/liveUpdate/UTDNodes/001e06305a6b/2019/12/11'"

    "Printing files for Node: 001e06305a6b for 10-Dec-2019"

    "Creating Folder @: '/scratch/lhw150030/mintsData/liveUpdate/UTDNodes/001e06305a6b/2019/12/10'"

    "Printing files for Node: 001e06305a6b for 09-Dec-2019"

    "Creating Folder @: '/scratch/lhw150030/mintsData/liveUpdate/UTDNodes/001e06305a6b/2019/12/09'"

    "Printing files for Node: 001e06305a6b for 08-Dec-2019"

    "Creating Folder @: '/scratch/lhw150030/mintsData/liveUpdate/UTDNodes/001e06305a6b/2019/12/08'"

    "Printing files for Node: 001e06305a6b for 07-Dec-2019"

    "Creating Folder @: '/scratch/lhw150030/mintsData/liveUpdate/UTDNodes/001e06305a6b/2019/12/07'"

    "Printing files for Node: 001e06305a6b for 06-Dec-2019"

    "Creating Folder @: '/scratch/lhw150030/mintsData/liveUpdate/UTDNodes/001e06305a6b/2019/12/06'"

    "Printing files for Node: 001e06305a6b for 05-Dec-2019"

    "Creating Folder @: '/scratch/lhw150030/mintsData/liveUpdate/UTDNodes/001e06305a6b/2019/12/05'"

    "Printing files for Node: 001e06305a6b for 04-Dec-2019"

    "Creating Folder @: '/scratch/lhw150030/mintsData/liveUpdate/UTDNodes/001e06305a6b/2019/12/04'"

    "Printing files for Node: 001e06305a6b for 03-Dec-2019"

    "Creating Folder @: '/scratch/lhw150030/mintsData/liveUpdate/UTDNodes/001e06305a6b/2019/12/03'"

    "Printing files for Node: 001e06305a6b for 02-Dec-2019"

    "Creating Folder @: '/scratch/lhw150030/mintsData/liveUpdate/UTDNodes/001e06305a6b/2019/12/02'"

    "Printing files for Node: 001e06305a6b for 01-Dec-2019"

    "Creating Folder @: '/scratch/lhw150030/mintsData/liveUpdate/UTDNodes/001e06305a6b/2019/12/01'"

