Running calibration scripts for UTD Node: 12
Running on host: compute-1-3-12

                            < M A T L A B (R) >
                  Copyright 1984-2020 The MathWorks, Inc.
              R2020a Update 1 (9.8.0.1359463) 64-bit (glnxa64)
                               April 9, 2020

 
To get started, type doc.
For product information, visit www.mathworks.com.
 
    "---------------------MINTS---------------------"





    "Node Index               =  12"

    "Node ID                  =  001e063239e6"

    "Data Folder Located      @ :/scratch/lhw150030/mintsData"

    "Raw Data Located         @ :/scratch/lhw150030/mintsData/raw"

    "Raw DotMat Data Located  @ :/scratch/lhw150030/mintsData/rawMats"

    "Update Data Located      @ :/scratch/lhw150030/mintsData/liveUpdate/UTDNodes"

    "Loading Best Models"

    "Creating Folder @: '/scratch/lhw150030/mintsData/liveUpdate/UTDNodes/001e063239e6'"

    "Predicting pm1_palas"

    "Predicting pm2_5_palas"

    "Predicting pm4_palas"

    "Predicting pm10_palas"

    "Predicting pmTotal_palas"

    "Predicting dCn_palas"

    "Predicting temperatureAirmar"

    "Predicting humidityAirmar"

    "Predicting dewPointAirmar"

    "Predicting pressureAirmar"

    "Gaining Prediction"

    "Printing complete Time Series for Node: 001e063239e6"

    "Printing files for Node: 001e063239e6 for 12-Mar-2021"

    "Printing files for Node: 001e063239e6 for 11-Mar-2021"

    "Creating Folder @: '/scratch/lhw150030/mintsData/liveUpdate/UTDNodes/001e063239e6/2021/03/11'"

    "Printing files for Node: 001e063239e6 for 10-Mar-2021"

    "Creating Folder @: '/scratch/lhw150030/mintsData/liveUpdate/UTDNodes/001e063239e6/2021/03/10'"

    "Printing files for Node: 001e063239e6 for 09-Mar-2021"

    "Creating Folder @: '/scratch/lhw150030/mintsData/liveUpdate/UTDNodes/001e063239e6/2021/03/09'"

    "Printing files for Node: 001e063239e6 for 08-Mar-2021"

    "Creating Folder @: '/scratch/lhw150030/mintsData/liveUpdate/UTDNodes/001e063239e6/2021/03/08'"

    "Printing files for Node: 001e063239e6 for 07-Mar-2021"

    "Creating Folder @: '/scratch/lhw150030/mintsData/liveUpdate/UTDNodes/001e063239e6/2021/03/07'"

    "Printing files for Node: 001e063239e6 for 06-Mar-2021"

    "Creating Folder @: '/scratch/lhw150030/mintsData/liveUpdate/UTDNodes/001e063239e6/2021/03/06'"

