Running calibration scripts for UTD Node: 2
Running on host: compute-1-3-2

                            < M A T L A B (R) >
                  Copyright 1984-2020 The MathWorks, Inc.
              R2020a Update 1 (9.8.0.1359463) 64-bit (glnxa64)
                               April 9, 2020

 
To get started, type doc.
For product information, visit www.mathworks.com.
 
    "---------------------MINTS---------------------"





    "Node Index               =  2"

    "Node ID                  =  001e06323a12"

    "Data Folder Located      @ :/scratch/lhw150030/mintsData"

    "Raw Data Located         @ :/scratch/lhw150030/mintsData/raw"

    "Raw DotMat Data Located  @ :/scratch/lhw150030/mintsData/rawMats"

    "Update Data Located      @ :/scratch/lhw150030/mintsData/liveUpdate/UTDNodes"

    "Loading Best Models"

    "Predicting pm1_palas"

    "Predicting pm2_5_palas"

    "Predicting pm4_palas"

    "Predicting pm10_palas"

    "Predicting pmTotal_palas"

    "Predicting dCn_palas"

    "Predicting temperatureAirmar"

    "Predicting humidityAirmar"

    "Predicting dewPointAirmar"

    "Predicting pressureAirmar"

    "Gaining Prediction"

    "Printing complete Time Series for Node: 001e06323a12"

    "Printing files for Node: 001e06323a12 for 12-Mar-2021"

    "Printing files for Node: 001e06323a12 for 11-Mar-2021"

    "Printing files for Node: 001e06323a12 for 10-Mar-2021"

    "Printing files for Node: 001e06323a12 for 09-Mar-2021"

    "Printing files for Node: 001e06323a12 for 08-Mar-2021"

    "Printing files for Node: 001e06323a12 for 07-Mar-2021"

    "Printing files for Node: 001e06323a12 for 06-Mar-2021"

    "Creating Folder @: '/scratch/lhw150030/mintsData/liveUpdate/UTDNodes/001e06323a12/2021/03/06'"

    "Printing files for Node: 001e06323a12 for 05-Mar-2021"

    "Creating Folder @: '/scratch/lhw150030/mintsData/liveUpdate/UTDNodes/001e06323a12/2021/03/05'"

    "Printing files for Node: 001e06323a12 for 04-Mar-2021"

    "Creating Folder @: '/scratch/lhw150030/mintsData/liveUpdate/UTDNodes/001e06323a12/2021/03/04'"

    "Printing files for Node: 001e06323a12 for 03-Mar-2021"

    "Creating Folder @: '/scratch/lhw150030/mintsData/liveUpdate/UTDNodes/001e06323a12/2021/03/03'"

    "Printing files for Node: 001e06323a12 for 02-Mar-2021"

    "Creating Folder @: '/scratch/lhw150030/mintsData/liveUpdate/UTDNodes/001e06323a12/2021/03/02'"

    "Printing files for Node: 001e06323a12 for 01-Mar-2021"

    "Creating Folder @: '/scratch/lhw150030/mintsData/liveUpdate/UTDNodes/001e06323a12/2021/03/01'"

    "Printing files for Node: 001e06323a12 for 28-Feb-2021"

    "Creating Folder @: '/scratch/lhw150030/mintsData/liveUpdate/UTDNodes/001e06323a12/2021/02/28'"

    "Printing files for Node: 001e06323a12 for 27-Feb-2021"

    "Creating Folder @: '/scratch/lhw150030/mintsData/liveUpdate/UTDNodes/001e06323a12/2021/02/27'"

    "Printing files for Node: 001e06323a12 for 26-Feb-2021"

    "Creating Folder @: '/scratch/lhw150030/mintsData/liveUpdate/UTDNodes/001e06323a12/2021/02/26'"

    "Printing files for Node: 001e06323a12 for 25-Feb-2021"

    "Creating Folder @: '/scratch/lhw150030/mintsData/liveUpdate/UTDNodes/001e06323a12/2021/02/25'"

    "Printing files for Node: 001e06323a12 for 24-Feb-2021"

    "Creating Folder @: '/scratch/lhw150030/mintsData/liveUpdate/UTDNodes/001e06323a12/2021/02/24'"

    "Printing files for Node: 001e06323a12 for 23-Feb-2021"

    "Creating Folder @: '/scratch/lhw150030/mintsData/liveUpdate/UTDNodes/001e06323a12/2021/02/23'"

    "Printing files for Node: 001e06323a12 for 22-Feb-2021"

    "Creating Folder @: '/scratch/lhw150030/mintsData/liveUpdate/UTDNodes/001e06323a12/2021/02/22'"

    "Printing files for Node: 001e06323a12 for 21-Feb-2021"

    "Creating Folder @: '/scratch/lhw150030/mintsData/liveUpdate/UTDNodes/001e06323a12/2021/02/21'"

    "Printing files for Node: 001e06323a12 for 20-Feb-2021"

    "Creating Folder @: '/scratch/lhw150030/mintsData/liveUpdate/UTDNodes/001e06323a12/2021/02/20'"

    "Printing files for Node: 001e06323a12 for 19-Feb-2021"

    "Creating Folder @: '/scratch/lhw150030/mintsData/liveUpdate/UTDNodes/001e06323a12/2021/02/19'"

    "Printing files for Node: 001e06323a12 for 18-Feb-2021"

    "Creating Folder @: '/scratch/lhw150030/mintsData/liveUpdate/UTDNodes/001e06323a12/2021/02/18'"

    "Printing files for Node: 001e06323a12 for 17-Feb-2021"

    "Creating Folder @: '/scratch/lhw150030/mintsData/liveUpdate/UTDNodes/001e06323a12/2021/02/17'"

    "Printing files for Node: 001e06323a12 for 16-Feb-2021"

    "Creating Folder @: '/scratch/lhw150030/mintsData/liveUpdate/UTDNodes/001e06323a12/2021/02/16'"

    "Printing files for Node: 001e06323a12 for 15-Feb-2021"

    "Creating Folder @: '/scratch/lhw150030/mintsData/liveUpdate/UTDNodes/001e06323a12/2021/02/15'"

    "Printing files for Node: 001e06323a12 for 14-Feb-2021"

    "Creating Folder @: '/scratch/lhw150030/mintsData/liveUpdate/UTDNodes/001e06323a12/2021/02/14'"

    "Printing files for Node: 001e06323a12 for 13-Feb-2021"

    "Creating Folder @: '/scratch/lhw150030/mintsData/liveUpdate/UTDNodes/001e06323a12/2021/02/13'"

    "Printing files for Node: 001e06323a12 for 12-Feb-2021"

    "Creating Folder @: '/scratch/lhw150030/mintsData/liveUpdate/UTDNodes/001e06323a12/2021/02/12'"

    "Printing files for Node: 001e06323a12 for 11-Feb-2021"

    "Creating Folder @: '/scratch/lhw150030/mintsData/liveUpdate/UTDNodes/001e06323a12/2021/02/11'"

    "Printing files for Node: 001e06323a12 for 10-Feb-2021"

    "Creating Folder @: '/scratch/lhw150030/mintsData/liveUpdate/UTDNodes/001e06323a12/2021/02/10'"

    "Printing files for Node: 001e06323a12 for 09-Feb-2021"

    "Creating Folder @: '/scratch/lhw150030/mintsData/liveUpdate/UTDNodes/001e06323a12/2021/02/09'"

    "Printing files for Node: 001e06323a12 for 08-Feb-2021"

    "Creating Folder @: '/scratch/lhw150030/mintsData/liveUpdate/UTDNodes/001e06323a12/2021/02/08'"

    "Printing files for Node: 001e06323a12 for 07-Feb-2021"

    "Creating Folder @: '/scratch/lhw150030/mintsData/liveUpdate/UTDNodes/001e06323a12/2021/02/07'"

    "Printing files for Node: 001e06323a12 for 06-Feb-2021"

    "Creating Folder @: '/scratch/lhw150030/mintsData/liveUpdate/UTDNodes/001e06323a12/2021/02/06'"

    "Printing files for Node: 001e06323a12 for 05-Feb-2021"

    "Creating Folder @: '/scratch/lhw150030/mintsData/liveUpdate/UTDNodes/001e06323a12/2021/02/05'"

    "Printing files for Node: 001e06323a12 for 04-Feb-2021"

    "Creating Folder @: '/scratch/lhw150030/mintsData/liveUpdate/UTDNodes/001e06323a12/2021/02/04'"

    "Printing files for Node: 001e06323a12 for 03-Feb-2021"

    "Creating Folder @: '/scratch/lhw150030/mintsData/liveUpdate/UTDNodes/001e06323a12/2021/02/03'"

    "Printing files for Node: 001e06323a12 for 02-Feb-2021"

    "Creating Folder @: '/scratch/lhw150030/mintsData/liveUpdate/UTDNodes/001e06323a12/2021/02/02'"

    "Printing files for Node: 001e06323a12 for 01-Feb-2021"

    "Creating Folder @: '/scratch/lhw150030/mintsData/liveUpdate/UTDNodes/001e06323a12/2021/02/01'"

    "Printing files for Node: 001e06323a12 for 31-Jan-2021"

    "Creating Folder @: '/scratch/lhw150030/mintsData/liveUpdate/UTDNodes/001e06323a12/2021/01/31'"

    "Printing files for Node: 001e06323a12 for 30-Jan-2021"

    "Creating Folder @: '/scratch/lhw150030/mintsData/liveUpdate/UTDNodes/001e06323a12/2021/01/30'"

    "Printing files for Node: 001e06323a12 for 29-Jan-2021"

    "Creating Folder @: '/scratch/lhw150030/mintsData/liveUpdate/UTDNodes/001e06323a12/2021/01/29'"

    "Printing files for Node: 001e06323a12 for 28-Jan-2021"

    "Creating Folder @: '/scratch/lhw150030/mintsData/liveUpdate/UTDNodes/001e06323a12/2021/01/28'"

    "Printing files for Node: 001e06323a12 for 27-Jan-2021"

    "Creating Folder @: '/scratch/lhw150030/mintsData/liveUpdate/UTDNodes/001e06323a12/2021/01/27'"

    "Printing files for Node: 001e06323a12 for 26-Jan-2021"

    "Creating Folder @: '/scratch/lhw150030/mintsData/liveUpdate/UTDNodes/001e06323a12/2021/01/26'"

    "Printing files for Node: 001e06323a12 for 25-Jan-2021"

    "Creating Folder @: '/scratch/lhw150030/mintsData/liveUpdate/UTDNodes/001e06323a12/2021/01/25'"

    "Printing files for Node: 001e06323a12 for 24-Jan-2021"

    "Creating Folder @: '/scratch/lhw150030/mintsData/liveUpdate/UTDNodes/001e06323a12/2021/01/24'"

    "Printing files for Node: 001e06323a12 for 23-Jan-2021"

    "Creating Folder @: '/scratch/lhw150030/mintsData/liveUpdate/UTDNodes/001e06323a12/2021/01/23'"

    "Printing files for Node: 001e06323a12 for 22-Jan-2021"

    "Creating Folder @: '/scratch/lhw150030/mintsData/liveUpdate/UTDNodes/001e06323a12/2021/01/22'"

    "Printing files for Node: 001e06323a12 for 21-Jan-2021"

    "Creating Folder @: '/scratch/lhw150030/mintsData/liveUpdate/UTDNodes/001e06323a12/2021/01/21'"

    "Printing files for Node: 001e06323a12 for 20-Jan-2021"

    "Creating Folder @: '/scratch/lhw150030/mintsData/liveUpdate/UTDNodes/001e06323a12/2021/01/20'"

    "Printing files for Node: 001e06323a12 for 19-Jan-2021"

    "Creating Folder @: '/scratch/lhw150030/mintsData/liveUpdate/UTDNodes/001e06323a12/2021/01/19'"

    "Printing files for Node: 001e06323a12 for 18-Jan-2021"

    "Creating Folder @: '/scratch/lhw150030/mintsData/liveUpdate/UTDNodes/001e06323a12/2021/01/18'"

    "Printing files for Node: 001e06323a12 for 17-Jan-2021"

    "Creating Folder @: '/scratch/lhw150030/mintsData/liveUpdate/UTDNodes/001e06323a12/2021/01/17'"

    "Printing files for Node: 001e06323a12 for 16-Jan-2021"

    "Creating Folder @: '/scratch/lhw150030/mintsData/liveUpdate/UTDNodes/001e06323a12/2021/01/16'"

    "Printing files for Node: 001e06323a12 for 15-Jan-2021"

    "Creating Folder @: '/scratch/lhw150030/mintsData/liveUpdate/UTDNodes/001e06323a12/2021/01/15'"

    "Printing files for Node: 001e06323a12 for 14-Jan-2021"

    "Creating Folder @: '/scratch/lhw150030/mintsData/liveUpdate/UTDNodes/001e06323a12/2021/01/14'"

    "Printing files for Node: 001e06323a12 for 13-Jan-2021"

    "Creating Folder @: '/scratch/lhw150030/mintsData/liveUpdate/UTDNodes/001e06323a12/2021/01/13'"

    "Printing files for Node: 001e06323a12 for 12-Jan-2021"

    "Creating Folder @: '/scratch/lhw150030/mintsData/liveUpdate/UTDNodes/001e06323a12/2021/01/12'"

    "Printing files for Node: 001e06323a12 for 11-Jan-2021"

    "Creating Folder @: '/scratch/lhw150030/mintsData/liveUpdate/UTDNodes/001e06323a12/2021/01/11'"

    "Printing files for Node: 001e06323a12 for 10-Jan-2021"

    "Creating Folder @: '/scratch/lhw150030/mintsData/liveUpdate/UTDNodes/001e06323a12/2021/01/10'"

    "Printing files for Node: 001e06323a12 for 09-Jan-2021"

    "Creating Folder @: '/scratch/lhw150030/mintsData/liveUpdate/UTDNodes/001e06323a12/2021/01/09'"

    "Printing files for Node: 001e06323a12 for 08-Jan-2021"

    "Creating Folder @: '/scratch/lhw150030/mintsData/liveUpdate/UTDNodes/001e06323a12/2021/01/08'"

    "Printing files for Node: 001e06323a12 for 07-Jan-2021"

    "Creating Folder @: '/scratch/lhw150030/mintsData/liveUpdate/UTDNodes/001e06323a12/2021/01/07'"

    "Printing files for Node: 001e06323a12 for 06-Jan-2021"

    "Creating Folder @: '/scratch/lhw150030/mintsData/liveUpdate/UTDNodes/001e06323a12/2021/01/06'"

    "Printing files for Node: 001e06323a12 for 05-Jan-2021"

    "Creating Folder @: '/scratch/lhw150030/mintsData/liveUpdate/UTDNodes/001e06323a12/2021/01/05'"

    "Printing files for Node: 001e06323a12 for 04-Jan-2021"

    "Creating Folder @: '/scratch/lhw150030/mintsData/liveUpdate/UTDNodes/001e06323a12/2021/01/04'"

    "Printing files for Node: 001e06323a12 for 03-Jan-2021"

    "Creating Folder @: '/scratch/lhw150030/mintsData/liveUpdate/UTDNodes/001e06323a12/2021/01/03'"

    "Printing files for Node: 001e06323a12 for 02-Jan-2021"

    "Creating Folder @: '/scratch/lhw150030/mintsData/liveUpdate/UTDNodes/001e06323a12/2021/01/02'"

    "Printing files for Node: 001e06323a12 for 01-Jan-2021"

    "Creating Folder @: '/scratch/lhw150030/mintsData/liveUpdate/UTDNodes/001e06323a12/2021/01/01'"

    "Printing files for Node: 001e06323a12 for 31-Dec-2020"

    "Creating Folder @: '/scratch/lhw150030/mintsData/liveUpdate/UTDNodes/001e06323a12/2020/12/31'"

    "Printing files for Node: 001e06323a12 for 30-Dec-2020"

    "Creating Folder @: '/scratch/lhw150030/mintsData/liveUpdate/UTDNodes/001e06323a12/2020/12/30'"

    "Printing files for Node: 001e06323a12 for 29-Dec-2020"

    "Creating Folder @: '/scratch/lhw150030/mintsData/liveUpdate/UTDNodes/001e06323a12/2020/12/29'"

    "Printing files for Node: 001e06323a12 for 28-Dec-2020"

    "Creating Folder @: '/scratch/lhw150030/mintsData/liveUpdate/UTDNodes/001e06323a12/2020/12/28'"

    "Printing files for Node: 001e06323a12 for 27-Dec-2020"

    "Creating Folder @: '/scratch/lhw150030/mintsData/liveUpdate/UTDNodes/001e06323a12/2020/12/27'"

    "Printing files for Node: 001e06323a12 for 26-Dec-2020"

    "Creating Folder @: '/scratch/lhw150030/mintsData/liveUpdate/UTDNodes/001e06323a12/2020/12/26'"

    "Printing files for Node: 001e06323a12 for 25-Dec-2020"

    "Creating Folder @: '/scratch/lhw150030/mintsData/liveUpdate/UTDNodes/001e06323a12/2020/12/25'"

    "Printing files for Node: 001e06323a12 for 24-Dec-2020"

    "Creating Folder @: '/scratch/lhw150030/mintsData/liveUpdate/UTDNodes/001e06323a12/2020/12/24'"

    "Printing files for Node: 001e06323a12 for 23-Dec-2020"

    "Creating Folder @: '/scratch/lhw150030/mintsData/liveUpdate/UTDNodes/001e06323a12/2020/12/23'"

    "Printing files for Node: 001e06323a12 for 22-Dec-2020"

    "Creating Folder @: '/scratch/lhw150030/mintsData/liveUpdate/UTDNodes/001e06323a12/2020/12/22'"

    "Printing files for Node: 001e06323a12 for 21-Dec-2020"

    "Creating Folder @: '/scratch/lhw150030/mintsData/liveUpdate/UTDNodes/001e06323a12/2020/12/21'"

    "Printing files for Node: 001e06323a12 for 20-Dec-2020"

    "Creating Folder @: '/scratch/lhw150030/mintsData/liveUpdate/UTDNodes/001e06323a12/2020/12/20'"

    "Printing files for Node: 001e06323a12 for 19-Dec-2020"

    "Creating Folder @: '/scratch/lhw150030/mintsData/liveUpdate/UTDNodes/001e06323a12/2020/12/19'"

    "Printing files for Node: 001e06323a12 for 18-Dec-2020"

    "Printing files for Node: 001e06323a12 for 17-Dec-2020"

    "Printing files for Node: 001e06323a12 for 16-Dec-2020"

    "Printing files for Node: 001e06323a12 for 15-Dec-2020"

    "Printing files for Node: 001e06323a12 for 14-Dec-2020"

    "Printing files for Node: 001e06323a12 for 13-Dec-2020"

    "Printing files for Node: 001e06323a12 for 12-Dec-2020"

    "Printing files for Node: 001e06323a12 for 11-Dec-2020"

    "Printing files for Node: 001e06323a12 for 10-Dec-2020"

    "Printing files for Node: 001e06323a12 for 09-Dec-2020"

    "Printing files for Node: 001e06323a12 for 08-Dec-2020"

    "Printing files for Node: 001e06323a12 for 07-Dec-2020"

    "Printing files for Node: 001e06323a12 for 06-Dec-2020"

    "Printing files for Node: 001e06323a12 for 05-Dec-2020"

    "Printing files for Node: 001e06323a12 for 04-Dec-2020"

    "Printing files for Node: 001e06323a12 for 03-Dec-2020"

    "Printing files for Node: 001e06323a12 for 02-Dec-2020"

    "Printing files for Node: 001e06323a12 for 01-Dec-2020"

    "Printing files for Node: 001e06323a12 for 30-Nov-2020"

    "Printing files for Node: 001e06323a12 for 29-Nov-2020"

    "Printing files for Node: 001e06323a12 for 28-Nov-2020"

    "Printing files for Node: 001e06323a12 for 27-Nov-2020"

    "Printing files for Node: 001e06323a12 for 26-Nov-2020"

    "Printing files for Node: 001e06323a12 for 25-Nov-2020"

    "Printing files for Node: 001e06323a12 for 24-Nov-2020"

    "Printing files for Node: 001e06323a12 for 23-Nov-2020"

    "Printing files for Node: 001e06323a12 for 22-Nov-2020"

    "Printing files for Node: 001e06323a12 for 21-Nov-2020"

    "Printing files for Node: 001e06323a12 for 20-Nov-2020"

    "Printing files for Node: 001e06323a12 for 19-Nov-2020"

    "Printing files for Node: 001e06323a12 for 18-Nov-2020"

    "Printing files for Node: 001e06323a12 for 17-Nov-2020"

    "Printing files for Node: 001e06323a12 for 16-Nov-2020"

    "Printing files for Node: 001e06323a12 for 15-Nov-2020"

    "Printing files for Node: 001e06323a12 for 14-Nov-2020"

    "Printing files for Node: 001e06323a12 for 13-Nov-2020"

    "Printing files for Node: 001e06323a12 for 12-Nov-2020"

    "Printing files for Node: 001e06323a12 for 11-Nov-2020"

    "Printing files for Node: 001e06323a12 for 10-Nov-2020"

    "Printing files for Node: 001e06323a12 for 09-Nov-2020"

    "Printing files for Node: 001e06323a12 for 08-Nov-2020"

    "Printing files for Node: 001e06323a12 for 07-Nov-2020"

    "Printing files for Node: 001e06323a12 for 06-Nov-2020"

    "Printing files for Node: 001e06323a12 for 05-Nov-2020"

    "Printing files for Node: 001e06323a12 for 04-Nov-2020"

    "Printing files for Node: 001e06323a12 for 03-Nov-2020"

    "Printing files for Node: 001e06323a12 for 02-Nov-2020"

    "Printing files for Node: 001e06323a12 for 01-Nov-2020"

    "Printing files for Node: 001e06323a12 for 31-Oct-2020"

    "Printing files for Node: 001e06323a12 for 30-Oct-2020"

    "Printing files for Node: 001e06323a12 for 29-Oct-2020"

    "Printing files for Node: 001e06323a12 for 28-Oct-2020"

    "Printing files for Node: 001e06323a12 for 27-Oct-2020"

    "Printing files for Node: 001e06323a12 for 26-Oct-2020"

    "Printing files for Node: 001e06323a12 for 25-Oct-2020"

    "Printing files for Node: 001e06323a12 for 24-Oct-2020"

    "Printing files for Node: 001e06323a12 for 23-Oct-2020"

    "Printing files for Node: 001e06323a12 for 22-Oct-2020"

    "Printing files for Node: 001e06323a12 for 21-Oct-2020"

    "Printing files for Node: 001e06323a12 for 20-Oct-2020"

    "Printing files for Node: 001e06323a12 for 19-Oct-2020"

    "Printing files for Node: 001e06323a12 for 18-Oct-2020"

    "Printing files for Node: 001e06323a12 for 17-Oct-2020"

    "Printing files for Node: 001e06323a12 for 16-Oct-2020"

    "Printing files for Node: 001e06323a12 for 15-Oct-2020"

    "Printing files for Node: 001e06323a12 for 14-Oct-2020"

    "Printing files for Node: 001e06323a12 for 13-Oct-2020"

    "Printing files for Node: 001e06323a12 for 12-Oct-2020"

    "Printing files for Node: 001e06323a12 for 11-Oct-2020"

    "Printing files for Node: 001e06323a12 for 10-Oct-2020"

    "Creating Folder @: '/scratch/lhw150030/mintsData/liveUpdate/UTDNodes/001e06323a12/2020/10/10'"

    "Printing files for Node: 001e06323a12 for 09-Oct-2020"

    "Creating Folder @: '/scratch/lhw150030/mintsData/liveUpdate/UTDNodes/001e06323a12/2020/10/09'"

    "Printing files for Node: 001e06323a12 for 08-Oct-2020"

    "Creating Folder @: '/scratch/lhw150030/mintsData/liveUpdate/UTDNodes/001e06323a12/2020/10/08'"

    "Printing files for Node: 001e06323a12 for 07-Oct-2020"

    "Creating Folder @: '/scratch/lhw150030/mintsData/liveUpdate/UTDNodes/001e06323a12/2020/10/07'"

    "Printing files for Node: 001e06323a12 for 06-Oct-2020"

    "Creating Folder @: '/scratch/lhw150030/mintsData/liveUpdate/UTDNodes/001e06323a12/2020/10/06'"

    "Printing files for Node: 001e06323a12 for 05-Oct-2020"

    "Creating Folder @: '/scratch/lhw150030/mintsData/liveUpdate/UTDNodes/001e06323a12/2020/10/05'"

    "Printing files for Node: 001e06323a12 for 04-Oct-2020"

    "Creating Folder @: '/scratch/lhw150030/mintsData/liveUpdate/UTDNodes/001e06323a12/2020/10/04'"

    "Printing files for Node: 001e06323a12 for 03-Oct-2020"

    "Creating Folder @: '/scratch/lhw150030/mintsData/liveUpdate/UTDNodes/001e06323a12/2020/10/03'"

    "Printing files for Node: 001e06323a12 for 02-Oct-2020"

    "Creating Folder @: '/scratch/lhw150030/mintsData/liveUpdate/UTDNodes/001e06323a12/2020/10/02'"

    "Printing files for Node: 001e06323a12 for 01-Oct-2020"

    "Creating Folder @: '/scratch/lhw150030/mintsData/liveUpdate/UTDNodes/001e06323a12/2020/10/01'"

    "Printing files for Node: 001e06323a12 for 30-Sep-2020"

    "Creating Folder @: '/scratch/lhw150030/mintsData/liveUpdate/UTDNodes/001e06323a12/2020/09/30'"

    "Printing files for Node: 001e06323a12 for 29-Sep-2020"

    "Creating Folder @: '/scratch/lhw150030/mintsData/liveUpdate/UTDNodes/001e06323a12/2020/09/29'"

    "Printing files for Node: 001e06323a12 for 28-Sep-2020"

    "Creating Folder @: '/scratch/lhw150030/mintsData/liveUpdate/UTDNodes/001e06323a12/2020/09/28'"

    "Printing files for Node: 001e06323a12 for 27-Sep-2020"

    "Creating Folder @: '/scratch/lhw150030/mintsData/liveUpdate/UTDNodes/001e06323a12/2020/09/27'"

    "Printing files for Node: 001e06323a12 for 26-Sep-2020"

    "Creating Folder @: '/scratch/lhw150030/mintsData/liveUpdate/UTDNodes/001e06323a12/2020/09/26'"

    "Printing files for Node: 001e06323a12 for 25-Sep-2020"

    "Creating Folder @: '/scratch/lhw150030/mintsData/liveUpdate/UTDNodes/001e06323a12/2020/09/25'"

    "Printing files for Node: 001e06323a12 for 24-Sep-2020"

    "Creating Folder @: '/scratch/lhw150030/mintsData/liveUpdate/UTDNodes/001e06323a12/2020/09/24'"

    "Printing files for Node: 001e06323a12 for 23-Sep-2020"

    "Creating Folder @: '/scratch/lhw150030/mintsData/liveUpdate/UTDNodes/001e06323a12/2020/09/23'"

    "Printing files for Node: 001e06323a12 for 22-Sep-2020"

    "Creating Folder @: '/scratch/lhw150030/mintsData/liveUpdate/UTDNodes/001e06323a12/2020/09/22'"

    "Printing files for Node: 001e06323a12 for 21-Sep-2020"

    "Creating Folder @: '/scratch/lhw150030/mintsData/liveUpdate/UTDNodes/001e06323a12/2020/09/21'"

    "Printing files for Node: 001e06323a12 for 20-Sep-2020"

    "Creating Folder @: '/scratch/lhw150030/mintsData/liveUpdate/UTDNodes/001e06323a12/2020/09/20'"

    "Printing files for Node: 001e06323a12 for 19-Sep-2020"

    "Creating Folder @: '/scratch/lhw150030/mintsData/liveUpdate/UTDNodes/001e06323a12/2020/09/19'"

    "Printing files for Node: 001e06323a12 for 18-Sep-2020"

    "Creating Folder @: '/scratch/lhw150030/mintsData/liveUpdate/UTDNodes/001e06323a12/2020/09/18'"

    "Printing files for Node: 001e06323a12 for 17-Sep-2020"

    "Creating Folder @: '/scratch/lhw150030/mintsData/liveUpdate/UTDNodes/001e06323a12/2020/09/17'"

    "Printing files for Node: 001e06323a12 for 16-Sep-2020"

    "Creating Folder @: '/scratch/lhw150030/mintsData/liveUpdate/UTDNodes/001e06323a12/2020/09/16'"

    "Printing files for Node: 001e06323a12 for 15-Sep-2020"

    "Creating Folder @: '/scratch/lhw150030/mintsData/liveUpdate/UTDNodes/001e06323a12/2020/09/15'"

    "Printing files for Node: 001e06323a12 for 14-Sep-2020"

    "Creating Folder @: '/scratch/lhw150030/mintsData/liveUpdate/UTDNodes/001e06323a12/2020/09/14'"

    "Printing files for Node: 001e06323a12 for 13-Sep-2020"

    "Creating Folder @: '/scratch/lhw150030/mintsData/liveUpdate/UTDNodes/001e06323a12/2020/09/13'"

    "Printing files for Node: 001e06323a12 for 12-Sep-2020"

    "Creating Folder @: '/scratch/lhw150030/mintsData/liveUpdate/UTDNodes/001e06323a12/2020/09/12'"

    "Printing files for Node: 001e06323a12 for 11-Sep-2020"

    "Creating Folder @: '/scratch/lhw150030/mintsData/liveUpdate/UTDNodes/001e06323a12/2020/09/11'"

    "Printing files for Node: 001e06323a12 for 10-Sep-2020"

    "Creating Folder @: '/scratch/lhw150030/mintsData/liveUpdate/UTDNodes/001e06323a12/2020/09/10'"

    "Printing files for Node: 001e06323a12 for 09-Sep-2020"

    "Creating Folder @: '/scratch/lhw150030/mintsData/liveUpdate/UTDNodes/001e06323a12/2020/09/09'"

    "Printing files for Node: 001e06323a12 for 08-Sep-2020"

    "Printing files for Node: 001e06323a12 for 07-Sep-2020"

    "Creating Folder @: '/scratch/lhw150030/mintsData/liveUpdate/UTDNodes/001e06323a12/2020/09/07'"

    "Printing files for Node: 001e06323a12 for 06-Sep-2020"

    "Creating Folder @: '/scratch/lhw150030/mintsData/liveUpdate/UTDNodes/001e06323a12/2020/09/06'"

    "Printing files for Node: 001e06323a12 for 05-Sep-2020"

    "Creating Folder @: '/scratch/lhw150030/mintsData/liveUpdate/UTDNodes/001e06323a12/2020/09/05'"

    "Printing files for Node: 001e06323a12 for 04-Sep-2020"

    "Creating Folder @: '/scratch/lhw150030/mintsData/liveUpdate/UTDNodes/001e06323a12/2020/09/04'"

    "Printing files for Node: 001e06323a12 for 03-Sep-2020"

    "Creating Folder @: '/scratch/lhw150030/mintsData/liveUpdate/UTDNodes/001e06323a12/2020/09/03'"

    "Printing files for Node: 001e06323a12 for 02-Sep-2020"

    "Creating Folder @: '/scratch/lhw150030/mintsData/liveUpdate/UTDNodes/001e06323a12/2020/09/02'"

    "Printing files for Node: 001e06323a12 for 01-Sep-2020"

    "Creating Folder @: '/scratch/lhw150030/mintsData/liveUpdate/UTDNodes/001e06323a12/2020/09/01'"

    "Printing files for Node: 001e06323a12 for 31-Aug-2020"

    "Creating Folder @: '/scratch/lhw150030/mintsData/liveUpdate/UTDNodes/001e06323a12/2020/08/31'"

    "Printing files for Node: 001e06323a12 for 30-Aug-2020"

    "Printing files for Node: 001e06323a12 for 29-Aug-2020"

    "Printing files for Node: 001e06323a12 for 28-Aug-2020"

    "Printing files for Node: 001e06323a12 for 27-Aug-2020"

    "Printing files for Node: 001e06323a12 for 26-Aug-2020"

    "Printing files for Node: 001e06323a12 for 25-Aug-2020"

    "Printing files for Node: 001e06323a12 for 24-Aug-2020"

    "Printing files for Node: 001e06323a12 for 23-Aug-2020"

    "Printing files for Node: 001e06323a12 for 22-Aug-2020"

    "Printing files for Node: 001e06323a12 for 21-Aug-2020"

    "Creating Folder @: '/scratch/lhw150030/mintsData/liveUpdate/UTDNodes/001e06323a12/2020/08/21'"

    "Printing files for Node: 001e06323a12 for 20-Aug-2020"

    "Creating Folder @: '/scratch/lhw150030/mintsData/liveUpdate/UTDNodes/001e06323a12/2020/08/20'"

    "Printing files for Node: 001e06323a12 for 19-Aug-2020"

    "Creating Folder @: '/scratch/lhw150030/mintsData/liveUpdate/UTDNodes/001e06323a12/2020/08/19'"

    "Printing files for Node: 001e06323a12 for 18-Aug-2020"

    "Creating Folder @: '/scratch/lhw150030/mintsData/liveUpdate/UTDNodes/001e06323a12/2020/08/18'"

    "Printing files for Node: 001e06323a12 for 17-Aug-2020"

    "Creating Folder @: '/scratch/lhw150030/mintsData/liveUpdate/UTDNodes/001e06323a12/2020/08/17'"

    "Printing files for Node: 001e06323a12 for 16-Aug-2020"

    "Creating Folder @: '/scratch/lhw150030/mintsData/liveUpdate/UTDNodes/001e06323a12/2020/08/16'"

    "Printing files for Node: 001e06323a12 for 15-Aug-2020"

    "Creating Folder @: '/scratch/lhw150030/mintsData/liveUpdate/UTDNodes/001e06323a12/2020/08/15'"

    "Printing files for Node: 001e06323a12 for 14-Aug-2020"

    "Creating Folder @: '/scratch/lhw150030/mintsData/liveUpdate/UTDNodes/001e06323a12/2020/08/14'"

    "Printing files for Node: 001e06323a12 for 13-Aug-2020"

    "Creating Folder @: '/scratch/lhw150030/mintsData/liveUpdate/UTDNodes/001e06323a12/2020/08/13'"

    "Printing files for Node: 001e06323a12 for 12-Aug-2020"

    "Creating Folder @: '/scratch/lhw150030/mintsData/liveUpdate/UTDNodes/001e06323a12/2020/08/12'"

    "Printing files for Node: 001e06323a12 for 11-Aug-2020"

    "Creating Folder @: '/scratch/lhw150030/mintsData/liveUpdate/UTDNodes/001e06323a12/2020/08/11'"

    "Printing files for Node: 001e06323a12 for 10-Aug-2020"

    "Printing files for Node: 001e06323a12 for 09-Aug-2020"

    "Printing files for Node: 001e06323a12 for 08-Aug-2020"

    "Printing files for Node: 001e06323a12 for 07-Aug-2020"

    "Printing files for Node: 001e06323a12 for 06-Aug-2020"

    "Printing files for Node: 001e06323a12 for 05-Aug-2020"

    "Printing files for Node: 001e06323a12 for 04-Aug-2020"

    "Printing files for Node: 001e06323a12 for 03-Aug-2020"

    "Printing files for Node: 001e06323a12 for 02-Aug-2020"

    "Printing files for Node: 001e06323a12 for 01-Aug-2020"

    "Printing files for Node: 001e06323a12 for 31-Jul-2020"

    "Printing files for Node: 001e06323a12 for 30-Jul-2020"

    "Printing files for Node: 001e06323a12 for 29-Jul-2020"

    "Printing files for Node: 001e06323a12 for 28-Jul-2020"

    "Printing files for Node: 001e06323a12 for 27-Jul-2020"

    "Printing files for Node: 001e06323a12 for 26-Jul-2020"

    "Printing files for Node: 001e06323a12 for 25-Jul-2020"

    "Printing files for Node: 001e06323a12 for 24-Jul-2020"

    "Printing files for Node: 001e06323a12 for 23-Jul-2020"

    "Printing files for Node: 001e06323a12 for 22-Jul-2020"

    "Printing files for Node: 001e06323a12 for 21-Jul-2020"

    "Printing files for Node: 001e06323a12 for 20-Jul-2020"

    "Printing files for Node: 001e06323a12 for 19-Jul-2020"

    "Printing files for Node: 001e06323a12 for 18-Jul-2020"

    "Printing files for Node: 001e06323a12 for 17-Jul-2020"

    "Printing files for Node: 001e06323a12 for 16-Jul-2020"

    "Printing files for Node: 001e06323a12 for 15-Jul-2020"

    "Printing files for Node: 001e06323a12 for 14-Jul-2020"

    "Printing files for Node: 001e06323a12 for 13-Jul-2020"

    "Printing files for Node: 001e06323a12 for 12-Jul-2020"

    "Printing files for Node: 001e06323a12 for 11-Jul-2020"

    "Printing files for Node: 001e06323a12 for 10-Jul-2020"

    "Printing files for Node: 001e06323a12 for 09-Jul-2020"

    "Printing files for Node: 001e06323a12 for 08-Jul-2020"

    "Printing files for Node: 001e06323a12 for 07-Jul-2020"

    "Creating Folder @: '/scratch/lhw150030/mintsData/liveUpdate/UTDNodes/001e06323a12/2020/07/07'"

    "Printing files for Node: 001e06323a12 for 06-Jul-2020"

    "Creating Folder @: '/scratch/lhw150030/mintsData/liveUpdate/UTDNodes/001e06323a12/2020/07/06'"

    "Printing files for Node: 001e06323a12 for 05-Jul-2020"

    "Creating Folder @: '/scratch/lhw150030/mintsData/liveUpdate/UTDNodes/001e06323a12/2020/07/05'"

    "Printing files for Node: 001e06323a12 for 04-Jul-2020"

    "Creating Folder @: '/scratch/lhw150030/mintsData/liveUpdate/UTDNodes/001e06323a12/2020/07/04'"

    "Printing files for Node: 001e06323a12 for 03-Jul-2020"

    "Creating Folder @: '/scratch/lhw150030/mintsData/liveUpdate/UTDNodes/001e06323a12/2020/07/03'"

    "Printing files for Node: 001e06323a12 for 02-Jul-2020"

    "Creating Folder @: '/scratch/lhw150030/mintsData/liveUpdate/UTDNodes/001e06323a12/2020/07/02'"

    "Printing files for Node: 001e06323a12 for 01-Jul-2020"

    "Creating Folder @: '/scratch/lhw150030/mintsData/liveUpdate/UTDNodes/001e06323a12/2020/07/01'"

    "Printing files for Node: 001e06323a12 for 30-Jun-2020"

    "Creating Folder @: '/scratch/lhw150030/mintsData/liveUpdate/UTDNodes/001e06323a12/2020/06/30'"

    "Printing files for Node: 001e06323a12 for 29-Jun-2020"

    "Creating Folder @: '/scratch/lhw150030/mintsData/liveUpdate/UTDNodes/001e06323a12/2020/06/29'"

    "Printing files for Node: 001e06323a12 for 28-Jun-2020"

    "Creating Folder @: '/scratch/lhw150030/mintsData/liveUpdate/UTDNodes/001e06323a12/2020/06/28'"

    "Printing files for Node: 001e06323a12 for 27-Jun-2020"

    "Creating Folder @: '/scratch/lhw150030/mintsData/liveUpdate/UTDNodes/001e06323a12/2020/06/27'"

    "Printing files for Node: 001e06323a12 for 26-Jun-2020"

    "Creating Folder @: '/scratch/lhw150030/mintsData/liveUpdate/UTDNodes/001e06323a12/2020/06/26'"

    "Printing files for Node: 001e06323a12 for 25-Jun-2020"

    "Creating Folder @: '/scratch/lhw150030/mintsData/liveUpdate/UTDNodes/001e06323a12/2020/06/25'"

    "Printing files for Node: 001e06323a12 for 24-Jun-2020"

    "Creating Folder @: '/scratch/lhw150030/mintsData/liveUpdate/UTDNodes/001e06323a12/2020/06/24'"

    "Printing files for Node: 001e06323a12 for 23-Jun-2020"

    "Creating Folder @: '/scratch/lhw150030/mintsData/liveUpdate/UTDNodes/001e06323a12/2020/06/23'"

    "Printing files for Node: 001e06323a12 for 22-Jun-2020"

    "Creating Folder @: '/scratch/lhw150030/mintsData/liveUpdate/UTDNodes/001e06323a12/2020/06/22'"

    "Printing files for Node: 001e06323a12 for 21-Jun-2020"

    "Creating Folder @: '/scratch/lhw150030/mintsData/liveUpdate/UTDNodes/001e06323a12/2020/06/21'"

    "Printing files for Node: 001e06323a12 for 20-Jun-2020"

    "Creating Folder @: '/scratch/lhw150030/mintsData/liveUpdate/UTDNodes/001e06323a12/2020/06/20'"

    "Printing files for Node: 001e06323a12 for 19-Jun-2020"

    "Creating Folder @: '/scratch/lhw150030/mintsData/liveUpdate/UTDNodes/001e06323a12/2020/06/19'"

    "Printing files for Node: 001e06323a12 for 18-Jun-2020"

    "Creating Folder @: '/scratch/lhw150030/mintsData/liveUpdate/UTDNodes/001e06323a12/2020/06/18'"

    "Printing files for Node: 001e06323a12 for 17-Jun-2020"

    "Creating Folder @: '/scratch/lhw150030/mintsData/liveUpdate/UTDNodes/001e06323a12/2020/06/17'"

    "Printing files for Node: 001e06323a12 for 16-Jun-2020"

    "Creating Folder @: '/scratch/lhw150030/mintsData/liveUpdate/UTDNodes/001e06323a12/2020/06/16'"

    "Printing files for Node: 001e06323a12 for 15-Jun-2020"

    "Creating Folder @: '/scratch/lhw150030/mintsData/liveUpdate/UTDNodes/001e06323a12/2020/06/15'"

    "Printing files for Node: 001e06323a12 for 14-Jun-2020"

    "Creating Folder @: '/scratch/lhw150030/mintsData/liveUpdate/UTDNodes/001e06323a12/2020/06/14'"

    "Printing files for Node: 001e06323a12 for 13-Jun-2020"

    "Creating Folder @: '/scratch/lhw150030/mintsData/liveUpdate/UTDNodes/001e06323a12/2020/06/13'"

    "Printing files for Node: 001e06323a12 for 12-Jun-2020"

    "Creating Folder @: '/scratch/lhw150030/mintsData/liveUpdate/UTDNodes/001e06323a12/2020/06/12'"

