nohup: ignoring input
===============MINTS================
Syncing Raw files From UTD:
receiving incremental file list
001e06305a12/MINTS_001e06305a12_IP.csv
001e06305a12/2021/02/10/
001e06305a12/2021/02/10/MINTS_001e06305a12_AS7262_2021_02_10.csv
001e06305a12/2021/02/10/MINTS_001e06305a12_BME280_2021_02_10.csv
001e06305a12/2021/02/10/MINTS_001e06305a12_GPSGPGGA2_2021_02_10.csv
001e06305a12/2021/02/10/MINTS_001e06305a12_GPSGPRMC2_2021_02_10.csv
001e06305a12/2021/02/10/MINTS_001e06305a12_MGS001_2021_02_10.csv
001e06305a12/2021/02/10/MINTS_001e06305a12_OPCN2_2021_02_10.csv
001e06305a12/2021/02/10/MINTS_001e06305a12_SKYCAM_002_2021_02_10.csv
001e06305a12/2021/02/10/MINTS_001e06305a12_TSL2591_2021_02_10.csv
001e06305a12/2021/02/10/MINTS_001e06305a12_VEML6075_2021_02_10.csv
001e06305a12/2021/02/10/snaps/

sent 27,133 bytes  received 306,424 bytes  95,302.00 bytes/sec
total size is 6,534,895,406  speedup is 19,591.54
receiving incremental file list
001e06323a12/MINTS_001e06323a12_IP.csv
001e06323a12/2021/02/10/
001e06323a12/2021/02/10/MINTS_001e06323a12_AS7262_2021_02_10.csv
001e06323a12/2021/02/10/MINTS_001e06323a12_BME280_2021_02_10.csv
001e06323a12/2021/02/10/MINTS_001e06323a12_MGS001_2021_02_10.csv
001e06323a12/2021/02/10/MINTS_001e06323a12_OPCN2_2021_02_10.csv
001e06323a12/2021/02/10/MINTS_001e06323a12_PPD42NSDuo_2021_02_10.csv
001e06323a12/2021/02/10/MINTS_001e06323a12_SCD30_2021_02_10.csv
001e06323a12/2021/02/10/MINTS_001e06323a12_SKYCAM_002_2021_02_10.csv
001e06323a12/2021/02/10/MINTS_001e06323a12_TSL2591_2021_02_10.csv
001e06323a12/2021/02/10/MINTS_001e06323a12_VEML6075_2021_02_10.csv
001e06323a12/2021/02/10/snaps/

sent 14,934 bytes  received 238,824 bytes  72,502.29 bytes/sec
total size is 4,712,604,357  speedup is 18,571.25
receiving incremental file list
001e06318cd1/MINTS_001e06318cd1_IP.csv
001e06318cd1/2021/02/10/
001e06318cd1/2021/02/10/MINTS_001e06318cd1_AS7262_2021_02_10.csv
001e06318cd1/2021/02/10/MINTS_001e06318cd1_BME280_2021_02_10.csv
001e06318cd1/2021/02/10/MINTS_001e06318cd1_GPSGPGGA2_2021_02_10.csv
001e06318cd1/2021/02/10/MINTS_001e06318cd1_GPSGPRMC2_2021_02_10.csv
001e06318cd1/2021/02/10/MINTS_001e06318cd1_MGS001_2021_02_10.csv
001e06318cd1/2021/02/10/MINTS_001e06318cd1_OPCN2_2021_02_10.csv
001e06318cd1/2021/02/10/MINTS_001e06318cd1_PPD42NSDuo_2021_02_10.csv
001e06318cd1/2021/02/10/MINTS_001e06318cd1_SCD30_2021_02_10.csv
001e06318cd1/2021/02/10/MINTS_001e06318cd1_SKYCAM_002_2021_02_10.csv
001e06318cd1/2021/02/10/MINTS_001e06318cd1_TSL2591_2021_02_10.csv
001e06318cd1/2021/02/10/MINTS_001e06318cd1_VEML6075_2021_02_10.csv
001e06318cd1/2021/02/10/snaps/

sent 27,770 bytes  received 294,057 bytes  91,950.57 bytes/sec
total size is 6,198,535,413  speedup is 19,260.46
receiving incremental file list
001e06305a61/MINTS_001e06305a61_IP.csv
001e06305a61/2021/02/10/MINTS_001e06305a61_AS7262_2021_02_10.csv
001e06305a61/2021/02/10/MINTS_001e06305a61_BME280_2021_02_10.csv
001e06305a61/2021/02/10/MINTS_001e06305a61_GPSGPGGA2_2021_02_10.csv
001e06305a61/2021/02/10/MINTS_001e06305a61_GPSGPRMC2_2021_02_10.csv
001e06305a61/2021/02/10/MINTS_001e06305a61_MGS001_2021_02_10.csv
001e06305a61/2021/02/10/MINTS_001e06305a61_OPCN2_2021_02_10.csv
001e06305a61/2021/02/10/MINTS_001e06305a61_PPD42NSDuo_2021_02_10.csv
001e06305a61/2021/02/10/MINTS_001e06305a61_SCD30_2021_02_10.csv
001e06305a61/2021/02/10/MINTS_001e06305a61_SKYCAM_002_2021_02_10.csv
001e06305a61/2021/02/10/MINTS_001e06305a61_TSL2591_2021_02_10.csv
001e06305a61/2021/02/10/MINTS_001e06305a61_VEML6075_2021_02_10.csv
001e06305a61/2021/02/10/snaps/

sent 28,819 bytes  received 311,510 bytes  97,236.86 bytes/sec
total size is 6,455,708,669  speedup is 18,969.02
receiving incremental file list
001e06323a05/MINTS_001e06323a05_IP.csv
001e06323a05/2021/02/10/
001e06323a05/2021/02/10/MINTS_001e06323a05_AS7262_2021_02_10.csv
001e06323a05/2021/02/10/MINTS_001e06323a05_BME280_2021_02_10.csv
001e06323a05/2021/02/10/MINTS_001e06323a05_MGS001_2021_02_10.csv
001e06323a05/2021/02/10/MINTS_001e06323a05_OPCN2_2021_02_10.csv
001e06323a05/2021/02/10/MINTS_001e06323a05_PPD42NSDuo_2021_02_10.csv
001e06323a05/2021/02/10/MINTS_001e06323a05_SCD30_2021_02_10.csv
001e06323a05/2021/02/10/MINTS_001e06323a05_SKYCAM_002_2021_02_10.csv
001e06323a05/2021/02/10/MINTS_001e06323a05_TSL2591_2021_02_10.csv
001e06323a05/2021/02/10/MINTS_001e06323a05_VEML6075_2021_02_10.csv
001e06323a05/2021/02/10/snaps/

sent 15,186 bytes  received 220,694 bytes  94,352.00 bytes/sec
total size is 4,529,035,758  speedup is 19,200.59
receiving incremental file list
001e06305a57/MINTS_001e06305a57_IP.csv
001e06305a57/2021/02/10/
001e06305a57/2021/02/10/MINTS_001e06305a57_AS7262_2021_02_10.csv
001e06305a57/2021/02/10/MINTS_001e06305a57_BME280_2021_02_10.csv
001e06305a57/2021/02/10/MINTS_001e06305a57_GPSGPGGA2_2021_02_10.csv
001e06305a57/2021/02/10/MINTS_001e06305a57_GPSGPRMC2_2021_02_10.csv
001e06305a57/2021/02/10/MINTS_001e06305a57_MGS001_2021_02_10.csv
001e06305a57/2021/02/10/MINTS_001e06305a57_OPCN2_2021_02_10.csv
001e06305a57/2021/02/10/MINTS_001e06305a57_PPD42NSDuo_2021_02_10.csv
001e06305a57/2021/02/10/MINTS_001e06305a57_SCD30_2021_02_10.csv
001e06305a57/2021/02/10/MINTS_001e06305a57_SKYCAM_002_2021_02_10.csv
001e06305a57/2021/02/10/MINTS_001e06305a57_TSL2591_2021_02_10.csv
001e06305a57/2021/02/10/MINTS_001e06305a57_VEML6075_2021_02_10.csv
001e06305a57/2021/02/10/snaps/

sent 21,042 bytes  received 266,116 bytes  82,045.14 bytes/sec
total size is 5,427,893,619  speedup is 18,902.12
receiving incremental file list

sent 1,086 bytes  received 242,234 bytes  97,328.00 bytes/sec
total size is 4,574,192,527  speedup is 18,799.08
receiving incremental file list
001e06318c28/MINTS_001e06318c28_IP.csv
001e06318c28/2021/02/10/
001e06318c28/2021/02/10/MINTS_001e06318c28_AS7262_2021_02_10.csv
001e06318c28/2021/02/10/MINTS_001e06318c28_BME280_2021_02_10.csv
001e06318c28/2021/02/10/MINTS_001e06318c28_GPSGPGGA2_2021_02_10.csv
001e06318c28/2021/02/10/MINTS_001e06318c28_GPSGPRMC2_2021_02_10.csv
001e06318c28/2021/02/10/MINTS_001e06318c28_MGS001_2021_02_10.csv
001e06318c28/2021/02/10/MINTS_001e06318c28_OPCN2_2021_02_10.csv
001e06318c28/2021/02/10/MINTS_001e06318c28_PPD42NSDuo_2021_02_10.csv
001e06318c28/2021/02/10/MINTS_001e06318c28_SCD30_2021_02_10.csv
001e06318c28/2021/02/10/MINTS_001e06318c28_SKYCAM_002_2021_02_10.csv
001e06318c28/2021/02/10/MINTS_001e06318c28_TSL2591_2021_02_10.csv
001e06318c28/2021/02/10/MINTS_001e06318c28_VEML6075_2021_02_10.csv
001e06318c28/2021/02/10/snaps/

sent 28,767 bytes  received 267,432 bytes  84,628.29 bytes/sec
total size is 5,297,265,403  speedup is 17,884.14
receiving incremental file list

sent 643 bytes  received 139,964 bytes  93,738.00 bytes/sec
total size is 3,059,687,435  speedup is 21,760.56
receiving incremental file list
001e063239e3/MINTS_001e063239e3_IP.csv
001e063239e3/2021/02/10/MINTS_001e063239e3_AS7262_2021_02_10.csv
001e063239e3/2021/02/10/MINTS_001e063239e3_BME280_2021_02_10.csv
001e063239e3/2021/02/10/MINTS_001e063239e3_MGS001_2021_02_10.csv
001e063239e3/2021/02/10/MINTS_001e063239e3_OPCN2_2021_02_10.csv
001e063239e3/2021/02/10/MINTS_001e063239e3_PPD42NSDuo_2021_02_10.csv
001e063239e3/2021/02/10/MINTS_001e063239e3_SCD30_2021_02_10.csv
001e063239e3/2021/02/10/MINTS_001e063239e3_SKYCAM_002_2021_02_10.csv
001e063239e3/2021/02/10/MINTS_001e063239e3_TSL2591_2021_02_10.csv
001e063239e3/2021/02/10/MINTS_001e063239e3_VEML6075_2021_02_10.csv
001e063239e3/2021/02/10/snaps/

sent 15,251 bytes  received 285,263 bytes  85,861.14 bytes/sec
total size is 6,253,386,652  speedup is 20,808.97
receiving incremental file list
001e06305a6c/MINTS_001e06305a6c_IP.csv
001e06305a6c/2021/02/10/
001e06305a6c/2021/02/10/MINTS_001e06305a6c_AS7262_2021_02_10.csv
001e06305a6c/2021/02/10/MINTS_001e06305a6c_BME280_2021_02_10.csv
001e06305a6c/2021/02/10/MINTS_001e06305a6c_MGS001_2021_02_10.csv
001e06305a6c/2021/02/10/MINTS_001e06305a6c_OPCN2_2021_02_10.csv
001e06305a6c/2021/02/10/MINTS_001e06305a6c_PPD42NSDuo_2021_02_10.csv
001e06305a6c/2021/02/10/MINTS_001e06305a6c_SCD30_2021_02_10.csv
001e06305a6c/2021/02/10/MINTS_001e06305a6c_SKYCAM_002_2021_02_10.csv
001e06305a6c/2021/02/10/MINTS_001e06305a6c_TSL2591_2021_02_10.csv
001e06305a6c/2021/02/10/MINTS_001e06305a6c_VEML6075_2021_02_10.csv
001e06305a6c/2021/02/10/snaps/

sent 15,108 bytes  received 243,048 bytes  73,758.86 bytes/sec
total size is 4,644,406,592  speedup is 17,990.70
receiving incremental file list
001e063239e6/MINTS_001e063239e6_IP.csv
001e063239e6/2021/02/10/MINTS_001e063239e6_AS7262_2021_02_10.csv
001e063239e6/2021/02/10/MINTS_001e063239e6_BME280_2021_02_10.csv
001e063239e6/2021/02/10/MINTS_001e063239e6_MGS001_2021_02_10.csv
001e063239e6/2021/02/10/MINTS_001e063239e6_OPCN2_2021_02_10.csv
001e063239e6/2021/02/10/MINTS_001e063239e6_SCD30_2021_02_10.csv
001e063239e6/2021/02/10/MINTS_001e063239e6_SKYCAM_002_2021_02_10.csv
001e063239e6/2021/02/10/MINTS_001e063239e6_TSL2591_2021_02_10.csv
001e063239e6/2021/02/10/MINTS_001e063239e6_VEML6075_2021_02_10.csv
001e063239e6/2021/02/10/snaps/

sent 13,726 bytes  received 115,620 bytes  86,230.67 bytes/sec
total size is 2,560,618,681  speedup is 19,796.66
receiving incremental file list
001e06305a0a/MINTS_001e06305a0a_IP.csv
001e06305a0a/2021/02/10/
001e06305a0a/2021/02/10/MINTS_001e06305a0a_AS7262_2021_02_10.csv
001e06305a0a/2021/02/10/MINTS_001e06305a0a_BME280_2021_02_10.csv
001e06305a0a/2021/02/10/MINTS_001e06305a0a_MGS001_2021_02_10.csv
001e06305a0a/2021/02/10/MINTS_001e06305a0a_OPCN2_2021_02_10.csv
001e06305a0a/2021/02/10/MINTS_001e06305a0a_SCD30_2021_02_10.csv
001e06305a0a/2021/02/10/MINTS_001e06305a0a_SKYCAM_002_2021_02_10.csv
001e06305a0a/2021/02/10/MINTS_001e06305a0a_TSL2591_2021_02_10.csv
001e06305a0a/2021/02/10/MINTS_001e06305a0a_VEML6075_2021_02_10.csv
001e06305a0a/2021/02/10/snaps/

sent 13,805 bytes  received 107,950 bytes  48,702.00 bytes/sec
total size is 2,038,997,228  speedup is 16,746.72
receiving incremental file list
001e06318cee/MINTS_001e06318cee_IP.csv
001e06318cee/2021/02/10/MINTS_001e06318cee_AS7262_2021_02_10.csv
001e06318cee/2021/02/10/MINTS_001e06318cee_BME280_2021_02_10.csv
001e06318cee/2021/02/10/MINTS_001e06318cee_GPSGPGGA2_2021_02_10.csv
001e06318cee/2021/02/10/MINTS_001e06318cee_GPSGPRMC2_2021_02_10.csv
001e06318cee/2021/02/10/MINTS_001e06318cee_MGS001_2021_02_10.csv
001e06318cee/2021/02/10/MINTS_001e06318cee_OPCN2_2021_02_10.csv
001e06318cee/2021/02/10/MINTS_001e06318cee_SCD30_2021_02_10.csv
001e06318cee/2021/02/10/MINTS_001e06318cee_SKYCAM_002_2021_02_10.csv
001e06318cee/2021/02/10/MINTS_001e06318cee_TSL2591_2021_02_10.csv
001e06318cee/2021/02/10/MINTS_001e06318cee_VEML6075_2021_02_10.csv
001e06318cee/2021/02/10/snaps/

sent 15,654 bytes  received 132,482 bytes  98,757.33 bytes/sec
total size is 2,521,433,192  speedup is 17,021.07
receiving incremental file list
001e06318cf1/MINTS_001e06318cf1_IP.csv
001e06318cf1/2021/02/10/MINTS_001e06318cf1_AS7262_2021_02_10.csv
001e06318cf1/2021/02/10/MINTS_001e06318cf1_BME280_2021_02_10.csv
001e06318cf1/2021/02/10/MINTS_001e06318cf1_MGS001_2021_02_10.csv
001e06318cf1/2021/02/10/MINTS_001e06318cf1_OPCN2_2021_02_10.csv
001e06318cf1/2021/02/10/MINTS_001e06318cf1_SCD30_2021_02_10.csv
001e06318cf1/2021/02/10/MINTS_001e06318cf1_SKYCAM_002_2021_02_10.csv
001e06318cf1/2021/02/10/MINTS_001e06318cf1_TSL2591_2021_02_10.csv
001e06318cf1/2021/02/10/MINTS_001e06318cf1_VEML6075_2021_02_10.csv
001e06318cf1/2021/02/10/snaps/

sent 13,940 bytes  received 112,655 bytes  84,396.67 bytes/sec
total size is 2,250,875,502  speedup is 17,780.13
receiving incremental file list
001e063059c1/MINTS_001e063059c1_IP.csv
001e063059c1/2021/02/10/
001e063059c1/2021/02/10/MINTS_001e063059c1_AS7262_2021_02_10.csv
001e063059c1/2021/02/10/MINTS_001e063059c1_BME280_2021_02_10.csv
001e063059c1/2021/02/10/MINTS_001e063059c1_MGS001_2021_02_10.csv
001e063059c1/2021/02/10/MINTS_001e063059c1_OPCN2_2021_02_10.csv
001e063059c1/2021/02/10/MINTS_001e063059c1_SCD30_2021_02_10.csv
001e063059c1/2021/02/10/MINTS_001e063059c1_SKYCAM_002_2021_02_10.csv
001e063059c1/2021/02/10/MINTS_001e063059c1_TSL2591_2021_02_10.csv
001e063059c1/2021/02/10/MINTS_001e063059c1_VEML6075_2021_02_10.csv
001e063059c1/2021/02/10/snaps/

sent 13,837 bytes  received 111,185 bytes  50,008.80 bytes/sec
total size is 2,034,466,869  speedup is 16,272.87

MINTS

YAML File: mintsDefinitions.yaml

Syncing data for Node: 001e06305a12
Syncing data for Node: 001e06323a12
Syncing data for Node: 001e06318cd1
Syncing data for Node: 001e06305a61
Syncing data for Node: 001e06323a05
Syncing data for Node: 001e06305a57
Syncing data for Node: 001e063059c2
Syncing data for Node: 001e06318c28
Syncing data for Node: 001e06305a6b
Syncing data for Node: 001e063239e3
Syncing data for Node: 001e06305a6c
Syncing data for Node: 001e063239e6
Syncing data for Node: 001e06305a0a
Syncing data for Node: 001e06318cee
Syncing data for Node: 001e06318cf1
Syncing data for Node: 001e063059c1
Halting Sync Operation:
=====================================
===============MINTS================
Syncing Raw files From UTD:
receiving incremental file list
001e06305a12/
001e06305a12/2021/02/10/MINTS_001e06305a12_AS7262_2021_02_10.csv
001e06305a12/2021/02/10/MINTS_001e06305a12_GPSGPGGA2_2021_02_10.csv
001e06305a12/2021/02/10/MINTS_001e06305a12_GPSGPRMC2_2021_02_10.csv
001e06305a12/2021/02/10/MINTS_001e06305a12_SKYCAM_002_2021_02_10.csv
001e06305a12/2021/02/10/MINTS_001e06305a12_TSL2591_2021_02_10.csv
001e06305a12/2021/02/10/MINTS_001e06305a12_VEML6075_2021_02_10.csv
001e06305a12/2021/02/10/snaps/

sent 20,629 bytes  received 287,618 bytes  88,070.57 bytes/sec
total size is 6,534,901,418  speedup is 21,200.21
receiving incremental file list
001e06323a12/
001e06323a12/2021/02/10/MINTS_001e06323a12_AS7262_2021_02_10.csv
001e06323a12/2021/02/10/MINTS_001e06323a12_BME280_2021_02_10.csv
001e06323a12/2021/02/10/MINTS_001e06323a12_MGS001_2021_02_10.csv
001e06323a12/2021/02/10/MINTS_001e06323a12_OPCN2_2021_02_10.csv
001e06323a12/2021/02/10/MINTS_001e06323a12_PPD42NSDuo_2021_02_10.csv
001e06323a12/2021/02/10/MINTS_001e06323a12_SCD30_2021_02_10.csv
001e06323a12/2021/02/10/MINTS_001e06323a12_SKYCAM_002_2021_02_10.csv
001e06323a12/2021/02/10/MINTS_001e06323a12_TSL2591_2021_02_10.csv
001e06323a12/2021/02/10/MINTS_001e06323a12_VEML6075_2021_02_10.csv
001e06323a12/2021/02/10/snaps/

sent 15,333 bytes  received 230,418 bytes  98,300.40 bytes/sec
total size is 4,712,610,293  speedup is 19,176.36
receiving incremental file list
001e06318cd1/
001e06318cd1/2021/02/10/MINTS_001e06318cd1_AS7262_2021_02_10.csv
001e06318cd1/2021/02/10/MINTS_001e06318cd1_BME280_2021_02_10.csv
001e06318cd1/2021/02/10/MINTS_001e06318cd1_MGS001_2021_02_10.csv
001e06318cd1/2021/02/10/MINTS_001e06318cd1_OPCN2_2021_02_10.csv
001e06318cd1/2021/02/10/MINTS_001e06318cd1_PPD42NSDuo_2021_02_10.csv
001e06318cd1/2021/02/10/MINTS_001e06318cd1_SCD30_2021_02_10.csv
001e06318cd1/2021/02/10/MINTS_001e06318cd1_SKYCAM_002_2021_02_10.csv
001e06318cd1/2021/02/10/MINTS_001e06318cd1_TSL2591_2021_02_10.csv
001e06318cd1/2021/02/10/MINTS_001e06318cd1_VEML6075_2021_02_10.csv
001e06318cd1/2021/02/10/snaps/

sent 15,477 bytes  received 278,606 bytes  117,633.20 bytes/sec
total size is 6,198,541,444  speedup is 21,077.52
receiving incremental file list
001e06305a61/
